{"/Users/josh/Documents/h1b-visa-analysis/packages/graphql-toolkit/src/index.ts": {"path":"/Users/josh/Documents/h1b-visa-analysis/packages/graphql-toolkit/src/index.ts","all":true,"statementMap":{"68":{"start":{"line":69,"column":0},"end":{"line":69,"column":69}},"69":{"start":{"line":70,"column":0},"end":{"line":70,"column":95}},"70":{"start":{"line":71,"column":0},"end":{"line":71,"column":8}},"76":{"start":{"line":77,"column":0},"end":{"line":77,"column":79}},"77":{"start":{"line":78,"column":0},"end":{"line":78,"column":8}},"83":{"start":{"line":84,"column":0},"end":{"line":84,"column":67}},"103":{"start":{"line":104,"column":0},"end":{"line":104,"column":8}},"123":{"start":{"line":124,"column":0},"end":{"line":124,"column":51}},"126":{"start":{"line":127,"column":0},"end":{"line":127,"column":61}},"127":{"start":{"line":128,"column":0},"end":{"line":128,"column":81}},"128":{"start":{"line":129,"column":0},"end":{"line":129,"column":61}},"130":{"start":{"line":131,"column":0},"end":{"line":131,"column":10}},"131":{"start":{"line":132,"column":0},"end":{"line":132,"column":14}},"133":{"start":{"line":134,"column":0},"end":{"line":134,"column":65}},"134":{"start":{"line":135,"column":0},"end":{"line":135,"column":4}},"135":{"start":{"line":136,"column":0},"end":{"line":136,"column":2}},"138":{"start":{"line":139,"column":0},"end":{"line":139,"column":47}},"139":{"start":{"line":140,"column":0},"end":{"line":140,"column":26}},"140":{"start":{"line":141,"column":0},"end":{"line":141,"column":20}},"141":{"start":{"line":142,"column":0},"end":{"line":142,"column":27}},"142":{"start":{"line":143,"column":0},"end":{"line":143,"column":22}},"143":{"start":{"line":144,"column":0},"end":{"line":144,"column":28}},"144":{"start":{"line":145,"column":0},"end":{"line":145,"column":31}},"145":{"start":{"line":146,"column":0},"end":{"line":146,"column":11}},"147":{"start":{"line":148,"column":0},"end":{"line":148,"column":38}},"148":{"start":{"line":149,"column":0},"end":{"line":149,"column":60}},"149":{"start":{"line":150,"column":0},"end":{"line":150,"column":59}},"150":{"start":{"line":151,"column":0},"end":{"line":151,"column":56}},"151":{"start":{"line":152,"column":0},"end":{"line":152,"column":18}},"152":{"start":{"line":153,"column":0},"end":{"line":153,"column":25}},"153":{"start":{"line":154,"column":0},"end":{"line":154,"column":60}},"154":{"start":{"line":155,"column":0},"end":{"line":155,"column":11}},"156":{"start":{"line":157,"column":0},"end":{"line":157,"column":45}},"157":{"start":{"line":158,"column":0},"end":{"line":158,"column":18}},"158":{"start":{"line":159,"column":0},"end":{"line":159,"column":18}},"159":{"start":{"line":160,"column":0},"end":{"line":160,"column":27}},"160":{"start":{"line":161,"column":0},"end":{"line":161,"column":28}},"161":{"start":{"line":162,"column":0},"end":{"line":162,"column":23}},"162":{"start":{"line":163,"column":0},"end":{"line":163,"column":26}},"163":{"start":{"line":164,"column":0},"end":{"line":164,"column":24}},"164":{"start":{"line":165,"column":0},"end":{"line":165,"column":11}},"167":{"start":{"line":168,"column":0},"end":{"line":168,"column":31}}},"s":{"68":0,"69":0,"70":0,"76":0,"77":0,"83":0,"103":0,"123":0,"126":0,"127":0,"128":0,"130":0,"131":0,"133":0,"134":0,"135":0,"138":0,"139":0,"140":0,"141":0,"142":0,"143":0,"144":0,"145":0,"147":0,"148":0,"149":0,"150":0,"151":0,"152":0,"153":0,"154":0,"156":0,"157":0,"158":0,"159":0,"160":0,"161":0,"162":0,"163":0,"164":0,"167":0},"branchMap":{"0":{"type":"branch","line":1,"loc":{"start":{"line":1,"column":4182},"end":{"line":168,"column":31}},"locations":[{"start":{"line":1,"column":4182},"end":{"line":168,"column":31}}]}},"b":{"0":[1]},"fnMap":{"0":{"name":"(empty-report)","decl":{"start":{"line":1,"column":4182},"end":{"line":168,"column":31}},"loc":{"start":{"line":1,"column":4182},"end":{"line":168,"column":31}},"line":1}},"f":{"0":1}}
,"/Users/josh/Documents/h1b-visa-analysis/packages/graphql-toolkit/src/implementations/DataLoaderFactory.ts": {"path":"/Users/josh/Documents/h1b-visa-analysis/packages/graphql-toolkit/src/implementations/DataLoaderFactory.ts","all":false,"statementMap":{"0":{"start":{"line":1,"column":0},"end":{"line":1,"column":47}},"1":{"start":{"line":2,"column":0},"end":{"line":2,"column":36}},"14":{"start":{"line":15,"column":0},"end":{"line":15,"column":68}},"16":{"start":{"line":17,"column":0},"end":{"line":17,"column":13}},"17":{"start":{"line":18,"column":0},"end":{"line":18,"column":64}},"18":{"start":{"line":19,"column":0},"end":{"line":19,"column":60}},"19":{"start":{"line":20,"column":0},"end":{"line":20,"column":54}},"20":{"start":{"line":21,"column":0},"end":{"line":21,"column":60}},"22":{"start":{"line":23,"column":0},"end":{"line":23,"column":14}},"23":{"start":{"line":24,"column":0},"end":{"line":24,"column":66}},"24":{"start":{"line":25,"column":0},"end":{"line":25,"column":6}},"26":{"start":{"line":27,"column":0},"end":{"line":27,"column":24}},"27":{"start":{"line":28,"column":0},"end":{"line":28,"column":17}},"28":{"start":{"line":29,"column":0},"end":{"line":29,"column":38}},"29":{"start":{"line":30,"column":0},"end":{"line":30,"column":26}},"30":{"start":{"line":31,"column":0},"end":{"line":31,"column":33}},"31":{"start":{"line":32,"column":0},"end":{"line":32,"column":68}},"32":{"start":{"line":33,"column":0},"end":{"line":33,"column":5}},"34":{"start":{"line":35,"column":0},"end":{"line":35,"column":91}},"37":{"start":{"line":38,"column":0},"end":{"line":38,"column":95}},"40":{"start":{"line":41,"column":0},"end":{"line":41,"column":71}},"43":{"start":{"line":44,"column":0},"end":{"line":44,"column":26}},"44":{"start":{"line":45,"column":0},"end":{"line":45,"column":47}},"45":{"start":{"line":46,"column":0},"end":{"line":46,"column":5}},"47":{"start":{"line":48,"column":0},"end":{"line":48,"column":26}},"48":{"start":{"line":49,"column":0},"end":{"line":49,"column":11}},"49":{"start":{"line":50,"column":0},"end":{"line":50,"column":23}},"50":{"start":{"line":51,"column":0},"end":{"line":51,"column":25}},"51":{"start":{"line":52,"column":0},"end":{"line":52,"column":19}},"52":{"start":{"line":53,"column":0},"end":{"line":53,"column":21}},"53":{"start":{"line":54,"column":0},"end":{"line":54,"column":26}},"54":{"start":{"line":55,"column":0},"end":{"line":55,"column":22}},"55":{"start":{"line":56,"column":0},"end":{"line":56,"column":22}},"56":{"start":{"line":57,"column":0},"end":{"line":57,"column":24}},"57":{"start":{"line":58,"column":0},"end":{"line":58,"column":16}},"58":{"start":{"line":59,"column":0},"end":{"line":59,"column":28}},"59":{"start":{"line":60,"column":0},"end":{"line":60,"column":27}},"60":{"start":{"line":61,"column":0},"end":{"line":61,"column":7}},"62":{"start":{"line":63,"column":0},"end":{"line":63,"column":35}},"63":{"start":{"line":64,"column":0},"end":{"line":64,"column":18}},"64":{"start":{"line":65,"column":0},"end":{"line":65,"column":3}},"66":{"start":{"line":67,"column":0},"end":{"line":67,"column":67}},"67":{"start":{"line":68,"column":0},"end":{"line":68,"column":34}},"68":{"start":{"line":69,"column":0},"end":{"line":69,"column":3}},"70":{"start":{"line":71,"column":0},"end":{"line":71,"column":30}},"71":{"start":{"line":72,"column":0},"end":{"line":72,"column":34}},"72":{"start":{"line":73,"column":0},"end":{"line":73,"column":3}},"74":{"start":{"line":75,"column":0},"end":{"line":75,"column":37}},"75":{"start":{"line":76,"column":0},"end":{"line":76,"column":46}},"76":{"start":{"line":77,"column":0},"end":{"line":77,"column":18}},"77":{"start":{"line":78,"column":0},"end":{"line":78,"column":30}},"78":{"start":{"line":79,"column":0},"end":{"line":79,"column":33}},"79":{"start":{"line":80,"column":0},"end":{"line":80,"column":61}},"80":{"start":{"line":81,"column":0},"end":{"line":81,"column":5}},"81":{"start":{"line":82,"column":0},"end":{"line":82,"column":19}},"82":{"start":{"line":83,"column":0},"end":{"line":83,"column":3}},"84":{"start":{"line":85,"column":0},"end":{"line":85,"column":17}},"85":{"start":{"line":86,"column":0},"end":{"line":86,"column":36}},"86":{"start":{"line":87,"column":0},"end":{"line":87,"column":25}},"87":{"start":{"line":88,"column":0},"end":{"line":88,"column":23}},"88":{"start":{"line":89,"column":0},"end":{"line":89,"column":26}},"89":{"start":{"line":90,"column":0},"end":{"line":90,"column":60}},"90":{"start":{"line":91,"column":0},"end":{"line":91,"column":3}},"92":{"start":{"line":93,"column":0},"end":{"line":93,"column":24}},"93":{"start":{"line":94,"column":0},"end":{"line":94,"column":43}},"94":{"start":{"line":95,"column":0},"end":{"line":95,"column":3}},"96":{"start":{"line":97,"column":0},"end":{"line":97,"column":45}},"97":{"start":{"line":98,"column":0},"end":{"line":98,"column":31}},"98":{"start":{"line":99,"column":0},"end":{"line":99,"column":3}},"100":{"start":{"line":101,"column":0},"end":{"line":101,"column":59}},"101":{"start":{"line":102,"column":0},"end":{"line":102,"column":32}},"102":{"start":{"line":103,"column":0},"end":{"line":103,"column":3}},"104":{"start":{"line":105,"column":0},"end":{"line":105,"column":56}},"105":{"start":{"line":106,"column":0},"end":{"line":106,"column":42}},"106":{"start":{"line":107,"column":0},"end":{"line":107,"column":18}},"107":{"start":{"line":108,"column":0},"end":{"line":108,"column":19}},"108":{"start":{"line":109,"column":0},"end":{"line":109,"column":5}},"110":{"start":{"line":111,"column":0},"end":{"line":111,"column":29}},"113":{"start":{"line":114,"column":0},"end":{"line":114,"column":39}},"114":{"start":{"line":115,"column":0},"end":{"line":115,"column":16}},"115":{"start":{"line":116,"column":0},"end":{"line":116,"column":24}},"116":{"start":{"line":117,"column":0},"end":{"line":117,"column":5}},"118":{"start":{"line":119,"column":0},"end":{"line":119,"column":16}},"119":{"start":{"line":120,"column":0},"end":{"line":120,"column":3}},"121":{"start":{"line":122,"column":0},"end":{"line":122,"column":37}},"122":{"start":{"line":123,"column":0},"end":{"line":123,"column":42}},"123":{"start":{"line":124,"column":0},"end":{"line":124,"column":18}},"124":{"start":{"line":125,"column":0},"end":{"line":125,"column":19}},"125":{"start":{"line":126,"column":0},"end":{"line":126,"column":5}},"127":{"start":{"line":128,"column":0},"end":{"line":128,"column":22}},"128":{"start":{"line":129,"column":0},"end":{"line":129,"column":64}},"129":{"start":{"line":130,"column":0},"end":{"line":130,"column":16}},"130":{"start":{"line":131,"column":0},"end":{"line":131,"column":3}},"132":{"start":{"line":133,"column":0},"end":{"line":133,"column":48}},"133":{"start":{"line":134,"column":0},"end":{"line":134,"column":17}},"134":{"start":{"line":135,"column":0},"end":{"line":135,"column":45}},"135":{"start":{"line":136,"column":0},"end":{"line":136,"column":31}},"136":{"start":{"line":137,"column":0},"end":{"line":137,"column":75}},"137":{"start":{"line":138,"column":0},"end":{"line":138,"column":35}},"138":{"start":{"line":139,"column":0},"end":{"line":139,"column":41}},"140":{"start":{"line":141,"column":0},"end":{"line":141,"column":18}},"141":{"start":{"line":142,"column":0},"end":{"line":142,"column":32}},"142":{"start":{"line":143,"column":0},"end":{"line":143,"column":43}},"143":{"start":{"line":144,"column":0},"end":{"line":144,"column":71}},"144":{"start":{"line":145,"column":0},"end":{"line":145,"column":36}},"145":{"start":{"line":146,"column":0},"end":{"line":146,"column":7}},"147":{"start":{"line":148,"column":0},"end":{"line":148,"column":11}},"148":{"start":{"line":149,"column":0},"end":{"line":149,"column":52}},"150":{"start":{"line":151,"column":0},"end":{"line":151,"column":48}},"151":{"start":{"line":152,"column":0},"end":{"line":152,"column":20}},"152":{"start":{"line":153,"column":0},"end":{"line":153,"column":41}},"153":{"start":{"line":154,"column":0},"end":{"line":154,"column":76}},"154":{"start":{"line":155,"column":0},"end":{"line":155,"column":79}},"155":{"start":{"line":156,"column":0},"end":{"line":156,"column":9}},"157":{"start":{"line":158,"column":0},"end":{"line":158,"column":57}},"158":{"start":{"line":159,"column":0},"end":{"line":159,"column":15}},"159":{"start":{"line":160,"column":0},"end":{"line":160,"column":33}},"160":{"start":{"line":161,"column":0},"end":{"line":161,"column":19}},"161":{"start":{"line":162,"column":0},"end":{"line":162,"column":65}},"162":{"start":{"line":163,"column":0},"end":{"line":163,"column":11}},"164":{"start":{"line":165,"column":0},"end":{"line":165,"column":23}},"165":{"start":{"line":166,"column":0},"end":{"line":166,"column":23}},"166":{"start":{"line":167,"column":0},"end":{"line":167,"column":20}},"167":{"start":{"line":168,"column":0},"end":{"line":168,"column":25}},"168":{"start":{"line":169,"column":0},"end":{"line":169,"column":9}},"170":{"start":{"line":171,"column":0},"end":{"line":171,"column":70}},"171":{"start":{"line":172,"column":0},"end":{"line":172,"column":15}},"172":{"start":{"line":173,"column":0},"end":{"line":173,"column":33}},"173":{"start":{"line":174,"column":0},"end":{"line":174,"column":11}},"175":{"start":{"line":176,"column":0},"end":{"line":176,"column":20}},"176":{"start":{"line":177,"column":0},"end":{"line":177,"column":7}},"177":{"start":{"line":178,"column":0},"end":{"line":178,"column":6}},"178":{"start":{"line":179,"column":0},"end":{"line":179,"column":3}},"179":{"start":{"line":180,"column":0},"end":{"line":180,"column":1}},"181":{"start":{"line":182,"column":0},"end":{"line":182,"column":13}},"182":{"start":{"line":183,"column":0},"end":{"line":183,"column":62}},"183":{"start":{"line":184,"column":0},"end":{"line":184,"column":40}},"185":{"start":{"line":186,"column":0},"end":{"line":186,"column":14}},"186":{"start":{"line":187,"column":0},"end":{"line":187,"column":67}},"187":{"start":{"line":188,"column":0},"end":{"line":188,"column":64}},"188":{"start":{"line":189,"column":0},"end":{"line":189,"column":84}},"189":{"start":{"line":190,"column":0},"end":{"line":190,"column":5}},"190":{"start":{"line":191,"column":0},"end":{"line":191,"column":29}},"191":{"start":{"line":192,"column":0},"end":{"line":192,"column":3}},"193":{"start":{"line":194,"column":0},"end":{"line":194,"column":80}},"194":{"start":{"line":195,"column":0},"end":{"line":195,"column":62}},"195":{"start":{"line":196,"column":0},"end":{"line":196,"column":3}},"197":{"start":{"line":198,"column":0},"end":{"line":198,"column":33}},"198":{"start":{"line":199,"column":0},"end":{"line":199,"column":42}},"199":{"start":{"line":200,"column":0},"end":{"line":200,"column":41}},"200":{"start":{"line":201,"column":0},"end":{"line":201,"column":26}},"201":{"start":{"line":202,"column":0},"end":{"line":202,"column":58}},"202":{"start":{"line":203,"column":0},"end":{"line":203,"column":18}},"203":{"start":{"line":204,"column":0},"end":{"line":204,"column":18}},"204":{"start":{"line":205,"column":0},"end":{"line":205,"column":24}},"205":{"start":{"line":206,"column":0},"end":{"line":206,"column":17}},"206":{"start":{"line":207,"column":0},"end":{"line":207,"column":6}},"208":{"start":{"line":209,"column":0},"end":{"line":209,"column":52}},"209":{"start":{"line":210,"column":0},"end":{"line":210,"column":49}},"210":{"start":{"line":211,"column":0},"end":{"line":211,"column":35}},"211":{"start":{"line":212,"column":0},"end":{"line":212,"column":7}},"213":{"start":{"line":214,"column":0},"end":{"line":214,"column":56}},"214":{"start":{"line":215,"column":0},"end":{"line":215,"column":3}},"216":{"start":{"line":217,"column":0},"end":{"line":217,"column":34}},"217":{"start":{"line":218,"column":0},"end":{"line":218,"column":42}},"218":{"start":{"line":219,"column":0},"end":{"line":219,"column":64}},"219":{"start":{"line":220,"column":0},"end":{"line":220,"column":26}},"220":{"start":{"line":221,"column":0},"end":{"line":221,"column":55}},"223":{"start":{"line":224,"column":0},"end":{"line":224,"column":46}},"224":{"start":{"line":225,"column":0},"end":{"line":225,"column":61}},"226":{"start":{"line":227,"column":0},"end":{"line":227,"column":71}},"227":{"start":{"line":228,"column":0},"end":{"line":228,"column":40}},"228":{"start":{"line":229,"column":0},"end":{"line":229,"column":78}},"229":{"start":{"line":230,"column":0},"end":{"line":230,"column":15}},"232":{"start":{"line":233,"column":0},"end":{"line":233,"column":46}},"233":{"start":{"line":234,"column":0},"end":{"line":234,"column":50}},"234":{"start":{"line":235,"column":0},"end":{"line":235,"column":15}},"235":{"start":{"line":236,"column":0},"end":{"line":236,"column":66}},"236":{"start":{"line":237,"column":0},"end":{"line":237,"column":60}},"237":{"start":{"line":238,"column":0},"end":{"line":238,"column":19}},"238":{"start":{"line":239,"column":0},"end":{"line":239,"column":24}},"239":{"start":{"line":240,"column":0},"end":{"line":240,"column":11}},"240":{"start":{"line":241,"column":0},"end":{"line":241,"column":10}},"241":{"start":{"line":242,"column":0},"end":{"line":242,"column":8}},"244":{"start":{"line":245,"column":0},"end":{"line":245,"column":41}},"245":{"start":{"line":246,"column":0},"end":{"line":246,"column":33}},"247":{"start":{"line":248,"column":0},"end":{"line":248,"column":48}},"248":{"start":{"line":249,"column":0},"end":{"line":249,"column":22}},"249":{"start":{"line":250,"column":0},"end":{"line":250,"column":36}},"250":{"start":{"line":251,"column":0},"end":{"line":251,"column":39}},"251":{"start":{"line":252,"column":0},"end":{"line":252,"column":9}},"252":{"start":{"line":253,"column":0},"end":{"line":253,"column":9}},"255":{"start":{"line":256,"column":0},"end":{"line":256,"column":54}},"256":{"start":{"line":257,"column":0},"end":{"line":257,"column":34}},"257":{"start":{"line":258,"column":0},"end":{"line":258,"column":55}},"260":{"start":{"line":261,"column":0},"end":{"line":261,"column":26}},"261":{"start":{"line":262,"column":0},"end":{"line":262,"column":61}},"262":{"start":{"line":263,"column":0},"end":{"line":263,"column":45}},"263":{"start":{"line":264,"column":0},"end":{"line":264,"column":63}},"264":{"start":{"line":265,"column":0},"end":{"line":265,"column":64}},"265":{"start":{"line":266,"column":0},"end":{"line":266,"column":19}},"266":{"start":{"line":267,"column":0},"end":{"line":267,"column":65}},"267":{"start":{"line":268,"column":0},"end":{"line":268,"column":31}},"268":{"start":{"line":269,"column":0},"end":{"line":269,"column":91}},"269":{"start":{"line":270,"column":0},"end":{"line":270,"column":15}},"270":{"start":{"line":271,"column":0},"end":{"line":271,"column":13}},"271":{"start":{"line":272,"column":0},"end":{"line":272,"column":12}},"272":{"start":{"line":273,"column":0},"end":{"line":273,"column":10}},"273":{"start":{"line":274,"column":0},"end":{"line":274,"column":7}},"276":{"start":{"line":277,"column":0},"end":{"line":277,"column":60}},"277":{"start":{"line":278,"column":0},"end":{"line":278,"column":27}},"279":{"start":{"line":280,"column":0},"end":{"line":280,"column":45}},"280":{"start":{"line":281,"column":0},"end":{"line":281,"column":46}},"281":{"start":{"line":282,"column":0},"end":{"line":282,"column":27}},"282":{"start":{"line":283,"column":0},"end":{"line":283,"column":42}},"283":{"start":{"line":284,"column":0},"end":{"line":284,"column":16}},"284":{"start":{"line":285,"column":0},"end":{"line":285,"column":54}},"285":{"start":{"line":286,"column":0},"end":{"line":286,"column":9}},"286":{"start":{"line":287,"column":0},"end":{"line":287,"column":7}},"288":{"start":{"line":289,"column":0},"end":{"line":289,"column":21}},"289":{"start":{"line":290,"column":0},"end":{"line":290,"column":6}},"291":{"start":{"line":292,"column":0},"end":{"line":292,"column":58}},"292":{"start":{"line":293,"column":0},"end":{"line":293,"column":27}},"293":{"start":{"line":294,"column":0},"end":{"line":294,"column":18}},"294":{"start":{"line":295,"column":0},"end":{"line":295,"column":18}},"295":{"start":{"line":296,"column":0},"end":{"line":296,"column":15}},"296":{"start":{"line":297,"column":0},"end":{"line":297,"column":6}},"298":{"start":{"line":299,"column":0},"end":{"line":299,"column":53}},"299":{"start":{"line":300,"column":0},"end":{"line":300,"column":25}},"300":{"start":{"line":301,"column":0},"end":{"line":301,"column":49}},"301":{"start":{"line":302,"column":0},"end":{"line":302,"column":7}},"303":{"start":{"line":304,"column":0},"end":{"line":304,"column":60}},"304":{"start":{"line":305,"column":0},"end":{"line":305,"column":3}},"306":{"start":{"line":307,"column":0},"end":{"line":307,"column":37}},"307":{"start":{"line":308,"column":0},"end":{"line":308,"column":42}},"308":{"start":{"line":309,"column":0},"end":{"line":309,"column":34}},"309":{"start":{"line":310,"column":0},"end":{"line":310,"column":41}},"310":{"start":{"line":311,"column":0},"end":{"line":311,"column":26}},"311":{"start":{"line":312,"column":0},"end":{"line":312,"column":48}},"312":{"start":{"line":313,"column":0},"end":{"line":313,"column":18}},"313":{"start":{"line":314,"column":0},"end":{"line":314,"column":16}},"314":{"start":{"line":315,"column":0},"end":{"line":315,"column":20}},"315":{"start":{"line":316,"column":0},"end":{"line":316,"column":20}},"316":{"start":{"line":317,"column":0},"end":{"line":317,"column":69}},"317":{"start":{"line":318,"column":0},"end":{"line":318,"column":19}},"318":{"start":{"line":319,"column":0},"end":{"line":319,"column":8}},"319":{"start":{"line":320,"column":0},"end":{"line":320,"column":15}},"320":{"start":{"line":321,"column":0},"end":{"line":321,"column":6}},"322":{"start":{"line":323,"column":0},"end":{"line":323,"column":57}},"323":{"start":{"line":324,"column":0},"end":{"line":324,"column":3}},"325":{"start":{"line":326,"column":0},"end":{"line":326,"column":38}},"326":{"start":{"line":327,"column":0},"end":{"line":327,"column":25}},"327":{"start":{"line":328,"column":0},"end":{"line":328,"column":3}},"328":{"start":{"line":329,"column":0},"end":{"line":329,"column":1}}},"s":{"0":1,"1":1,"14":1,"16":1,"17":1,"18":9,"19":9,"20":9,"22":9,"23":9,"24":9,"26":9,"27":9,"28":9,"29":9,"30":9,"31":1,"32":1,"34":9,"37":9,"40":9,"43":9,"44":8,"45":8,"47":8,"48":8,"49":8,"50":8,"51":8,"52":8,"53":8,"54":8,"55":8,"56":8,"57":8,"58":8,"59":8,"60":8,"62":8,"63":8,"64":9,"66":9,"67":1,"68":1,"70":9,"71":4,"72":4,"74":9,"75":1,"76":1,"77":1,"78":1,"79":1,"80":1,"81":1,"82":1,"84":9,"85":1,"86":1,"87":1,"88":1,"89":1,"90":1,"92":9,"93":2,"94":2,"96":9,"97":0,"98":0,"100":9,"101":2,"102":2,"104":9,"105":1,"106":1,"107":0,"108":0,"110":1,"113":1,"114":1,"115":1,"116":1,"118":1,"119":1,"121":9,"122":0,"123":0,"124":0,"125":0,"127":0,"128":0,"129":0,"130":0,"132":9,"133":8,"134":8,"135":8,"136":8,"137":2,"138":2,"140":2,"141":2,"142":2,"143":2,"144":2,"145":2,"147":2,"148":2,"150":2,"151":2,"152":2,"153":2,"154":2,"155":2,"157":2,"158":2,"159":2,"160":2,"161":2,"162":2,"164":2,"165":2,"166":0,"167":0,"168":0,"170":0,"171":0,"172":0,"173":0,"175":0,"176":0,"177":2,"178":8,"179":9,"181":1,"182":1,"183":9,"185":9,"186":9,"187":9,"188":9,"189":9,"190":9,"191":9,"193":9,"194":0,"195":0,"197":9,"198":2,"199":2,"200":2,"201":2,"202":2,"203":2,"204":2,"205":2,"206":2,"208":2,"209":2,"210":2,"211":2,"213":2,"214":2,"216":9,"217":0,"218":0,"219":0,"220":0,"223":0,"224":0,"226":0,"227":0,"228":0,"229":0,"232":0,"233":0,"234":0,"235":0,"236":0,"237":0,"238":0,"239":0,"240":0,"241":0,"244":0,"245":0,"247":0,"248":0,"249":0,"250":0,"251":0,"252":0,"255":0,"256":0,"257":0,"260":0,"261":0,"262":0,"263":0,"264":0,"265":0,"266":0,"267":0,"268":0,"269":0,"270":0,"271":0,"272":0,"273":0,"276":0,"277":0,"279":0,"280":0,"281":0,"282":0,"283":0,"284":0,"285":0,"286":0,"288":0,"289":0,"291":0,"292":0,"293":0,"294":0,"295":0,"296":0,"298":0,"299":0,"300":0,"301":0,"303":0,"304":0,"306":9,"307":2,"308":2,"309":2,"310":2,"311":2,"312":2,"313":2,"314":2,"315":2,"316":2,"317":2,"318":2,"319":2,"320":2,"322":2,"323":2,"325":9,"326":7,"327":7,"328":9},"branchMap":{"0":{"type":"branch","line":18,"loc":{"start":{"line":18,"column":7},"end":{"line":180,"column":1}},"locations":[{"start":{"line":18,"column":7},"end":{"line":180,"column":1}}]},"1":{"type":"branch","line":23,"loc":{"start":{"line":23,"column":2},"end":{"line":25,"column":6}},"locations":[{"start":{"line":23,"column":2},"end":{"line":25,"column":6}}]},"2":{"type":"branch","line":27,"loc":{"start":{"line":27,"column":2},"end":{"line":65,"column":3}},"locations":[{"start":{"line":27,"column":2},"end":{"line":65,"column":3}}]},"3":{"type":"branch","line":31,"loc":{"start":{"line":31,"column":32},"end":{"line":33,"column":5}},"locations":[{"start":{"line":31,"column":32},"end":{"line":33,"column":5}}]},"4":{"type":"branch","line":33,"loc":{"start":{"line":33,"column":4},"end":{"line":35,"column":88}},"locations":[{"start":{"line":33,"column":4},"end":{"line":35,"column":88}}]},"5":{"type":"branch","line":44,"loc":{"start":{"line":44,"column":25},"end":{"line":64,"column":18}},"locations":[{"start":{"line":44,"column":25},"end":{"line":64,"column":18}}]},"6":{"type":"branch","line":67,"loc":{"start":{"line":67,"column":2},"end":{"line":69,"column":3}},"locations":[{"start":{"line":67,"column":2},"end":{"line":69,"column":3}}]},"7":{"type":"branch","line":71,"loc":{"start":{"line":71,"column":2},"end":{"line":73,"column":3}},"locations":[{"start":{"line":71,"column":2},"end":{"line":73,"column":3}}]},"8":{"type":"branch","line":75,"loc":{"start":{"line":75,"column":2},"end":{"line":83,"column":3}},"locations":[{"start":{"line":75,"column":2},"end":{"line":83,"column":3}}]},"9":{"type":"branch","line":85,"loc":{"start":{"line":85,"column":2},"end":{"line":91,"column":3}},"locations":[{"start":{"line":85,"column":2},"end":{"line":91,"column":3}}]},"10":{"type":"branch","line":93,"loc":{"start":{"line":93,"column":2},"end":{"line":95,"column":3}},"locations":[{"start":{"line":93,"column":2},"end":{"line":95,"column":3}}]},"11":{"type":"branch","line":101,"loc":{"start":{"line":101,"column":2},"end":{"line":103,"column":3}},"locations":[{"start":{"line":101,"column":2},"end":{"line":103,"column":3}}]},"12":{"type":"branch","line":105,"loc":{"start":{"line":105,"column":2},"end":{"line":120,"column":3}},"locations":[{"start":{"line":105,"column":2},"end":{"line":120,"column":3}}]},"13":{"type":"branch","line":107,"loc":{"start":{"line":107,"column":17},"end":{"line":109,"column":5}},"locations":[{"start":{"line":107,"column":17},"end":{"line":109,"column":5}}]},"14":{"type":"branch","line":133,"loc":{"start":{"line":133,"column":10},"end":{"line":179,"column":3}},"locations":[{"start":{"line":133,"column":10},"end":{"line":179,"column":3}}]},"15":{"type":"branch","line":137,"loc":{"start":{"line":137,"column":11},"end":{"line":178,"column":6}},"locations":[{"start":{"line":137,"column":11},"end":{"line":178,"column":6}}]},"16":{"type":"branch","line":166,"loc":{"start":{"line":166,"column":6},"end":{"line":177,"column":7}},"locations":[{"start":{"line":166,"column":6},"end":{"line":177,"column":7}}]},"17":{"type":"branch","line":162,"loc":{"start":{"line":162,"column":33},"end":{"line":162,"column":56}},"locations":[{"start":{"line":162,"column":33},"end":{"line":162,"column":56}}]},"18":{"type":"branch","line":183,"loc":{"start":{"line":183,"column":7},"end":{"line":329,"column":1}},"locations":[{"start":{"line":183,"column":7},"end":{"line":329,"column":1}}]},"19":{"type":"branch","line":186,"loc":{"start":{"line":186,"column":2},"end":{"line":192,"column":3}},"locations":[{"start":{"line":186,"column":2},"end":{"line":192,"column":3}}]},"20":{"type":"branch","line":198,"loc":{"start":{"line":198,"column":2},"end":{"line":215,"column":3}},"locations":[{"start":{"line":198,"column":2},"end":{"line":215,"column":3}}]},"21":{"type":"branch","line":307,"loc":{"start":{"line":307,"column":2},"end":{"line":324,"column":3}},"locations":[{"start":{"line":307,"column":2},"end":{"line":324,"column":3}}]},"22":{"type":"branch","line":317,"loc":{"start":{"line":317,"column":31},"end":{"line":317,"column":65}},"locations":[{"start":{"line":317,"column":31},"end":{"line":317,"column":65}}]},"23":{"type":"branch","line":317,"loc":{"start":{"line":317,"column":44},"end":{"line":317,"column":69}},"locations":[{"start":{"line":317,"column":44},"end":{"line":317,"column":69}}]},"24":{"type":"branch","line":326,"loc":{"start":{"line":326,"column":2},"end":{"line":328,"column":3}},"locations":[{"start":{"line":326,"column":2},"end":{"line":328,"column":3}}]}},"b":{"0":[9],"1":[9],"2":[9],"3":[1],"4":[8],"5":[8],"6":[1],"7":[4],"8":[1],"9":[1],"10":[2],"11":[2],"12":[1],"13":[0],"14":[8],"15":[2],"16":[0],"17":[4],"18":[9],"19":[9],"20":[2],"21":[2],"22":[1],"23":[1],"24":[7]},"fnMap":{"0":{"name":"<instance_members_initializer>","decl":{"start":{"line":18,"column":7},"end":{"line":180,"column":1}},"loc":{"start":{"line":18,"column":7},"end":{"line":180,"column":1}},"line":18},"1":{"name":"DataLoaderRegistry","decl":{"start":{"line":23,"column":2},"end":{"line":25,"column":6}},"loc":{"start":{"line":23,"column":2},"end":{"line":25,"column":6}},"line":23},"2":{"name":"register","decl":{"start":{"line":27,"column":2},"end":{"line":65,"column":3}},"loc":{"start":{"line":27,"column":2},"end":{"line":65,"column":3}},"line":27},"3":{"name":"get","decl":{"start":{"line":67,"column":2},"end":{"line":69,"column":3}},"loc":{"start":{"line":67,"column":2},"end":{"line":69,"column":3}},"line":67},"4":{"name":"has","decl":{"start":{"line":71,"column":2},"end":{"line":73,"column":3}},"loc":{"start":{"line":71,"column":2},"end":{"line":73,"column":3}},"line":71},"5":{"name":"unregister","decl":{"start":{"line":75,"column":2},"end":{"line":83,"column":3}},"loc":{"start":{"line":75,"column":2},"end":{"line":83,"column":3}},"line":75},"6":{"name":"clear","decl":{"start":{"line":85,"column":2},"end":{"line":91,"column":3}},"loc":{"start":{"line":85,"column":2},"end":{"line":91,"column":3}},"line":85},"7":{"name":"getNames","decl":{"start":{"line":93,"column":2},"end":{"line":95,"column":3}},"loc":{"start":{"line":93,"column":2},"end":{"line":95,"column":3}},"line":93},"8":{"name":"getStats","decl":{"start":{"line":97,"column":2},"end":{"line":99,"column":3}},"loc":{"start":{"line":97,"column":2},"end":{"line":99,"column":3}},"line":97},"9":{"name":"getStatsFor","decl":{"start":{"line":101,"column":2},"end":{"line":103,"column":3}},"loc":{"start":{"line":101,"column":2},"end":{"line":103,"column":3}},"line":101},"10":{"name":"prime","decl":{"start":{"line":105,"column":2},"end":{"line":120,"column":3}},"loc":{"start":{"line":105,"column":2},"end":{"line":120,"column":3}},"line":105},"11":{"name":"clearCache","decl":{"start":{"line":122,"column":2},"end":{"line":131,"column":3}},"loc":{"start":{"line":122,"column":2},"end":{"line":131,"column":3}},"line":122},"12":{"name":"createInstrumentedBatchFunction","decl":{"start":{"line":133,"column":10},"end":{"line":179,"column":3}},"loc":{"start":{"line":133,"column":10},"end":{"line":179,"column":3}},"line":133},"13":{"name":"<instance_members_initializer>","decl":{"start":{"line":183,"column":7},"end":{"line":329,"column":1}},"loc":{"start":{"line":183,"column":7},"end":{"line":329,"column":1}},"line":183},"14":{"name":"DataLoaderFactory","decl":{"start":{"line":186,"column":2},"end":{"line":192,"column":3}},"loc":{"start":{"line":186,"column":2},"end":{"line":192,"column":3}},"line":186},"15":{"name":"create","decl":{"start":{"line":194,"column":2},"end":{"line":196,"column":3}},"loc":{"start":{"line":194,"column":2},"end":{"line":196,"column":3}},"line":194},"16":{"name":"createBatchLoader","decl":{"start":{"line":198,"column":2},"end":{"line":215,"column":3}},"loc":{"start":{"line":198,"column":2},"end":{"line":215,"column":3}},"line":198},"17":{"name":"createCachedLoader","decl":{"start":{"line":217,"column":2},"end":{"line":305,"column":3}},"loc":{"start":{"line":217,"column":2},"end":{"line":305,"column":3}},"line":217},"18":{"name":"createMonitoredLoader","decl":{"start":{"line":307,"column":2},"end":{"line":324,"column":3}},"loc":{"start":{"line":307,"column":2},"end":{"line":324,"column":3}},"line":307},"19":{"name":"getRegistry","decl":{"start":{"line":326,"column":2},"end":{"line":328,"column":3}},"loc":{"start":{"line":326,"column":2},"end":{"line":328,"column":3}},"line":326}},"f":{"0":9,"1":9,"2":9,"3":1,"4":4,"5":1,"6":1,"7":2,"8":0,"9":2,"10":1,"11":0,"12":8,"13":9,"14":9,"15":0,"16":2,"17":0,"18":2,"19":7}}
,"/Users/josh/Documents/h1b-visa-analysis/packages/graphql-toolkit/src/implementations/ErrorHandler.ts": {"path":"/Users/josh/Documents/h1b-visa-analysis/packages/graphql-toolkit/src/implementations/ErrorHandler.ts","all":true,"statementMap":{"0":{"start":{"line":1,"column":0},"end":{"line":1,"column":47}},"1":{"start":{"line":2,"column":0},"end":{"line":2,"column":62}},"13":{"start":{"line":14,"column":0},"end":{"line":14,"column":68}},"15":{"start":{"line":16,"column":0},"end":{"line":16,"column":13}},"16":{"start":{"line":17,"column":0},"end":{"line":17,"column":56}},"17":{"start":{"line":18,"column":0},"end":{"line":18,"column":14}},"18":{"start":{"line":19,"column":0},"end":{"line":19,"column":66}},"19":{"start":{"line":20,"column":0},"end":{"line":20,"column":6}},"21":{"start":{"line":22,"column":0},"end":{"line":22,"column":79}},"22":{"start":{"line":23,"column":0},"end":{"line":23,"column":61}},"24":{"start":{"line":25,"column":0},"end":{"line":25,"column":12}},"25":{"start":{"line":26,"column":0},"end":{"line":26,"column":51}},"26":{"start":{"line":27,"column":0},"end":{"line":27,"column":33}},"27":{"start":{"line":28,"column":0},"end":{"line":28,"column":23}},"28":{"start":{"line":29,"column":0},"end":{"line":29,"column":52}},"29":{"start":{"line":30,"column":0},"end":{"line":30,"column":6}},"30":{"start":{"line":31,"column":0},"end":{"line":31,"column":3}},"32":{"start":{"line":33,"column":0},"end":{"line":33,"column":91}},"33":{"start":{"line":34,"column":0},"end":{"line":34,"column":48}},"35":{"start":{"line":36,"column":0},"end":{"line":36,"column":49}},"36":{"start":{"line":37,"column":0},"end":{"line":37,"column":37}},"37":{"start":{"line":38,"column":0},"end":{"line":38,"column":21}},"38":{"start":{"line":39,"column":0},"end":{"line":39,"column":42}},"39":{"start":{"line":40,"column":0},"end":{"line":40,"column":36}},"40":{"start":{"line":41,"column":0},"end":{"line":41,"column":30}},"41":{"start":{"line":42,"column":0},"end":{"line":42,"column":35}},"42":{"start":{"line":43,"column":0},"end":{"line":43,"column":36}},"43":{"start":{"line":44,"column":0},"end":{"line":44,"column":6}},"46":{"start":{"line":47,"column":0},"end":{"line":47,"column":46}},"47":{"start":{"line":48,"column":0},"end":{"line":48,"column":69}},"48":{"start":{"line":49,"column":0},"end":{"line":49,"column":5}},"51":{"start":{"line":52,"column":0},"end":{"line":52,"column":70}},"52":{"start":{"line":53,"column":0},"end":{"line":53,"column":71}},"53":{"start":{"line":54,"column":0},"end":{"line":54,"column":5}},"56":{"start":{"line":57,"column":0},"end":{"line":57,"column":30}},"57":{"start":{"line":58,"column":0},"end":{"line":58,"column":34}},"58":{"start":{"line":59,"column":0},"end":{"line":59,"column":39}},"59":{"start":{"line":60,"column":0},"end":{"line":60,"column":45}},"60":{"start":{"line":61,"column":0},"end":{"line":61,"column":94}},"61":{"start":{"line":62,"column":0},"end":{"line":62,"column":8}},"62":{"start":{"line":63,"column":0},"end":{"line":63,"column":5}},"65":{"start":{"line":66,"column":0},"end":{"line":66,"column":64}},"66":{"start":{"line":67,"column":0},"end":{"line":67,"column":37}},"67":{"start":{"line":68,"column":0},"end":{"line":68,"column":5}},"69":{"start":{"line":70,"column":0},"end":{"line":70,"column":22}},"70":{"start":{"line":71,"column":0},"end":{"line":71,"column":3}},"72":{"start":{"line":73,"column":0},"end":{"line":73,"column":47}},"73":{"start":{"line":74,"column":0},"end":{"line":74,"column":48}},"75":{"start":{"line":76,"column":0},"end":{"line":76,"column":84}},"76":{"start":{"line":77,"column":0},"end":{"line":77,"column":30}},"77":{"start":{"line":78,"column":0},"end":{"line":78,"column":37}},"78":{"start":{"line":79,"column":0},"end":{"line":79,"column":20}},"79":{"start":{"line":80,"column":0},"end":{"line":80,"column":21}},"80":{"start":{"line":81,"column":0},"end":{"line":81,"column":24}},"81":{"start":{"line":82,"column":0},"end":{"line":82,"column":19}},"82":{"start":{"line":83,"column":0},"end":{"line":83,"column":28}},"83":{"start":{"line":84,"column":0},"end":{"line":84,"column":9}},"84":{"start":{"line":85,"column":0},"end":{"line":85,"column":30}},"85":{"start":{"line":86,"column":0},"end":{"line":86,"column":33}},"86":{"start":{"line":87,"column":0},"end":{"line":87,"column":40}},"87":{"start":{"line":88,"column":0},"end":{"line":88,"column":9}},"88":{"start":{"line":89,"column":0},"end":{"line":89,"column":8}},"89":{"start":{"line":90,"column":0},"end":{"line":90,"column":5}},"91":{"start":{"line":92,"column":0},"end":{"line":92,"column":17}},"92":{"start":{"line":93,"column":0},"end":{"line":93,"column":3}},"94":{"start":{"line":95,"column":0},"end":{"line":95,"column":76}},"95":{"start":{"line":96,"column":0},"end":{"line":96,"column":42}},"98":{"start":{"line":99,"column":0},"end":{"line":99,"column":19}},"99":{"start":{"line":100,"column":0},"end":{"line":100,"column":39}},"100":{"start":{"line":101,"column":0},"end":{"line":101,"column":34}},"101":{"start":{"line":102,"column":0},"end":{"line":102,"column":28}},"102":{"start":{"line":103,"column":0},"end":{"line":103,"column":33}},"104":{"start":{"line":105,"column":0},"end":{"line":105,"column":29}},"105":{"start":{"line":106,"column":0},"end":{"line":106,"column":23}},"106":{"start":{"line":107,"column":0},"end":{"line":107,"column":23}},"107":{"start":{"line":108,"column":0},"end":{"line":108,"column":27}},"109":{"start":{"line":110,"column":0},"end":{"line":110,"column":37}},"110":{"start":{"line":111,"column":0},"end":{"line":111,"column":34}},"111":{"start":{"line":112,"column":0},"end":{"line":112,"column":31}},"113":{"start":{"line":114,"column":0},"end":{"line":114,"column":14}},"114":{"start":{"line":115,"column":0},"end":{"line":115,"column":29}},"115":{"start":{"line":116,"column":0},"end":{"line":116,"column":5}},"116":{"start":{"line":117,"column":0},"end":{"line":117,"column":3}},"118":{"start":{"line":119,"column":0},"end":{"line":119,"column":53}},"119":{"start":{"line":120,"column":0},"end":{"line":120,"column":33}},"120":{"start":{"line":121,"column":0},"end":{"line":121,"column":43}},"121":{"start":{"line":122,"column":0},"end":{"line":122,"column":5}},"124":{"start":{"line":125,"column":0},"end":{"line":125,"column":47}},"125":{"start":{"line":126,"column":0},"end":{"line":126,"column":41}},"126":{"start":{"line":127,"column":0},"end":{"line":127,"column":5}},"127":{"start":{"line":128,"column":0},"end":{"line":128,"column":78}},"128":{"start":{"line":129,"column":0},"end":{"line":129,"column":36}},"129":{"start":{"line":130,"column":0},"end":{"line":130,"column":5}},"130":{"start":{"line":131,"column":0},"end":{"line":131,"column":93}},"131":{"start":{"line":132,"column":0},"end":{"line":132,"column":31}},"132":{"start":{"line":133,"column":0},"end":{"line":133,"column":5}},"133":{"start":{"line":134,"column":0},"end":{"line":134,"column":86}},"134":{"start":{"line":135,"column":0},"end":{"line":135,"column":25}},"135":{"start":{"line":136,"column":0},"end":{"line":136,"column":5}},"136":{"start":{"line":137,"column":0},"end":{"line":137,"column":46}},"137":{"start":{"line":138,"column":0},"end":{"line":138,"column":25}},"138":{"start":{"line":139,"column":0},"end":{"line":139,"column":5}},"140":{"start":{"line":141,"column":0},"end":{"line":141,"column":28}},"141":{"start":{"line":142,"column":0},"end":{"line":142,"column":3}},"143":{"start":{"line":144,"column":0},"end":{"line":144,"column":52}},"145":{"start":{"line":146,"column":0},"end":{"line":146,"column":18}},"146":{"start":{"line":147,"column":0},"end":{"line":147,"column":57}},"147":{"start":{"line":148,"column":0},"end":{"line":148,"column":51}},"148":{"start":{"line":149,"column":0},"end":{"line":149,"column":48}},"149":{"start":{"line":150,"column":0},"end":{"line":150,"column":3}},"151":{"start":{"line":152,"column":0},"end":{"line":152,"column":82}},"152":{"start":{"line":153,"column":0},"end":{"line":153,"column":46}},"154":{"start":{"line":155,"column":0},"end":{"line":155,"column":59}},"155":{"start":{"line":156,"column":0},"end":{"line":156,"column":52}},"156":{"start":{"line":157,"column":0},"end":{"line":157,"column":49}},"157":{"start":{"line":158,"column":0},"end":{"line":158,"column":49}},"158":{"start":{"line":159,"column":0},"end":{"line":159,"column":31}},"159":{"start":{"line":160,"column":0},"end":{"line":160,"column":14}},"160":{"start":{"line":161,"column":0},"end":{"line":161,"column":31}},"161":{"start":{"line":162,"column":0},"end":{"line":162,"column":7}},"162":{"start":{"line":163,"column":0},"end":{"line":163,"column":5}},"164":{"start":{"line":165,"column":0},"end":{"line":165,"column":21}},"165":{"start":{"line":166,"column":0},"end":{"line":166,"column":3}},"166":{"start":{"line":167,"column":0},"end":{"line":167,"column":1}},"168":{"start":{"line":169,"column":0},"end":{"line":169,"column":13}},"169":{"start":{"line":170,"column":0},"end":{"line":170,"column":50}},"170":{"start":{"line":171,"column":0},"end":{"line":171,"column":14}},"171":{"start":{"line":172,"column":0},"end":{"line":172,"column":66}},"172":{"start":{"line":173,"column":0},"end":{"line":173,"column":6}},"174":{"start":{"line":175,"column":0},"end":{"line":175,"column":64}},"175":{"start":{"line":176,"column":0},"end":{"line":176,"column":84}},"176":{"start":{"line":177,"column":0},"end":{"line":177,"column":70}},"178":{"start":{"line":179,"column":0},"end":{"line":179,"column":21}},"179":{"start":{"line":180,"column":0},"end":{"line":180,"column":29}},"180":{"start":{"line":181,"column":0},"end":{"line":181,"column":29}},"181":{"start":{"line":182,"column":0},"end":{"line":182,"column":21}},"182":{"start":{"line":183,"column":0},"end":{"line":183,"column":23}},"183":{"start":{"line":184,"column":0},"end":{"line":184,"column":36}},"184":{"start":{"line":185,"column":0},"end":{"line":185,"column":30}},"185":{"start":{"line":186,"column":0},"end":{"line":186,"column":36}},"186":{"start":{"line":187,"column":0},"end":{"line":187,"column":33}},"187":{"start":{"line":188,"column":0},"end":{"line":188,"column":6}},"190":{"start":{"line":191,"column":0},"end":{"line":191,"column":29}},"191":{"start":{"line":192,"column":0},"end":{"line":192,"column":29}},"192":{"start":{"line":193,"column":0},"end":{"line":193,"column":23}},"193":{"start":{"line":194,"column":0},"end":{"line":194,"column":56}},"194":{"start":{"line":195,"column":0},"end":{"line":195,"column":14}},"196":{"start":{"line":197,"column":0},"end":{"line":197,"column":27}},"197":{"start":{"line":198,"column":0},"end":{"line":198,"column":60}},"198":{"start":{"line":199,"column":0},"end":{"line":199,"column":14}},"200":{"start":{"line":201,"column":0},"end":{"line":201,"column":25}},"201":{"start":{"line":202,"column":0},"end":{"line":202,"column":14}},"202":{"start":{"line":203,"column":0},"end":{"line":203,"column":66}},"203":{"start":{"line":204,"column":0},"end":{"line":204,"column":14}},"204":{"start":{"line":205,"column":0},"end":{"line":205,"column":5}},"205":{"start":{"line":206,"column":0},"end":{"line":206,"column":3}},"207":{"start":{"line":208,"column":0},"end":{"line":208,"column":78}},"208":{"start":{"line":209,"column":0},"end":{"line":209,"column":77}},"209":{"start":{"line":210,"column":0},"end":{"line":210,"column":3}},"211":{"start":{"line":212,"column":0},"end":{"line":212,"column":52}},"212":{"start":{"line":213,"column":0},"end":{"line":213,"column":51}},"213":{"start":{"line":214,"column":0},"end":{"line":214,"column":32}},"214":{"start":{"line":215,"column":0},"end":{"line":215,"column":32}},"215":{"start":{"line":216,"column":0},"end":{"line":216,"column":27}},"216":{"start":{"line":217,"column":0},"end":{"line":217,"column":31}},"217":{"start":{"line":218,"column":0},"end":{"line":218,"column":10}},"218":{"start":{"line":219,"column":0},"end":{"line":219,"column":7}},"219":{"start":{"line":220,"column":0},"end":{"line":220,"column":3}},"220":{"start":{"line":221,"column":0},"end":{"line":221,"column":1}},"222":{"start":{"line":223,"column":0},"end":{"line":223,"column":13}},"223":{"start":{"line":224,"column":0},"end":{"line":224,"column":52}},"224":{"start":{"line":225,"column":0},"end":{"line":225,"column":36}},"225":{"start":{"line":226,"column":0},"end":{"line":226,"column":19}},"226":{"start":{"line":227,"column":0},"end":{"line":227,"column":28}},"227":{"start":{"line":228,"column":0},"end":{"line":228,"column":28}},"228":{"start":{"line":229,"column":0},"end":{"line":229,"column":28}},"229":{"start":{"line":230,"column":0},"end":{"line":230,"column":27}},"230":{"start":{"line":231,"column":0},"end":{"line":231,"column":26}},"231":{"start":{"line":232,"column":0},"end":{"line":232,"column":17}},"232":{"start":{"line":233,"column":0},"end":{"line":233,"column":4}},"234":{"start":{"line":235,"column":0},"end":{"line":235,"column":33}},"235":{"start":{"line":236,"column":0},"end":{"line":236,"column":28}},"237":{"start":{"line":238,"column":0},"end":{"line":238,"column":66}},"238":{"start":{"line":239,"column":0},"end":{"line":239,"column":31}},"239":{"start":{"line":240,"column":0},"end":{"line":240,"column":40}},"240":{"start":{"line":241,"column":0},"end":{"line":241,"column":25}},"243":{"start":{"line":244,"column":0},"end":{"line":244,"column":84}},"244":{"start":{"line":245,"column":0},"end":{"line":245,"column":70}},"245":{"start":{"line":246,"column":0},"end":{"line":246,"column":76}},"246":{"start":{"line":247,"column":0},"end":{"line":247,"column":68}},"249":{"start":{"line":250,"column":0},"end":{"line":250,"column":47}},"250":{"start":{"line":251,"column":0},"end":{"line":251,"column":63}},"251":{"start":{"line":252,"column":0},"end":{"line":252,"column":55}},"254":{"start":{"line":255,"column":0},"end":{"line":255,"column":21}},"255":{"start":{"line":256,"column":0},"end":{"line":256,"column":43}},"256":{"start":{"line":257,"column":0},"end":{"line":257,"column":68}},"257":{"start":{"line":258,"column":0},"end":{"line":258,"column":60}},"258":{"start":{"line":259,"column":0},"end":{"line":259,"column":5}},"261":{"start":{"line":262,"column":0},"end":{"line":262,"column":75}},"262":{"start":{"line":263,"column":0},"end":{"line":263,"column":3}},"264":{"start":{"line":265,"column":0},"end":{"line":265,"column":31}},"265":{"start":{"line":266,"column":0},"end":{"line":266,"column":12}},"266":{"start":{"line":267,"column":0},"end":{"line":267,"column":22}},"267":{"start":{"line":268,"column":0},"end":{"line":268,"column":55}},"268":{"start":{"line":269,"column":0},"end":{"line":269,"column":55}},"269":{"start":{"line":270,"column":0},"end":{"line":270,"column":55}},"270":{"start":{"line":271,"column":0},"end":{"line":271,"column":6}},"271":{"start":{"line":272,"column":0},"end":{"line":272,"column":3}},"273":{"start":{"line":274,"column":0},"end":{"line":274,"column":75}},"276":{"start":{"line":277,"column":0},"end":{"line":277,"column":21}},"277":{"start":{"line":278,"column":0},"end":{"line":278,"column":3}},"279":{"start":{"line":280,"column":0},"end":{"line":280,"column":30}},"280":{"start":{"line":281,"column":0},"end":{"line":281,"column":57}},"281":{"start":{"line":282,"column":0},"end":{"line":282,"column":3}},"283":{"start":{"line":284,"column":0},"end":{"line":284,"column":17}},"284":{"start":{"line":285,"column":0},"end":{"line":285,"column":20}},"285":{"start":{"line":286,"column":0},"end":{"line":286,"column":21}},"286":{"start":{"line":287,"column":0},"end":{"line":287,"column":30}},"287":{"start":{"line":288,"column":0},"end":{"line":288,"column":30}},"288":{"start":{"line":289,"column":0},"end":{"line":289,"column":30}},"289":{"start":{"line":290,"column":0},"end":{"line":290,"column":29}},"290":{"start":{"line":291,"column":0},"end":{"line":291,"column":28}},"291":{"start":{"line":292,"column":0},"end":{"line":292,"column":19}},"292":{"start":{"line":293,"column":0},"end":{"line":293,"column":6}},"293":{"start":{"line":294,"column":0},"end":{"line":294,"column":27}},"294":{"start":{"line":295,"column":0},"end":{"line":295,"column":32}},"295":{"start":{"line":296,"column":0},"end":{"line":296,"column":3}},"296":{"start":{"line":297,"column":0},"end":{"line":297,"column":1}},"298":{"start":{"line":299,"column":0},"end":{"line":299,"column":13}},"299":{"start":{"line":300,"column":0},"end":{"line":300,"column":52}},"300":{"start":{"line":301,"column":0},"end":{"line":301,"column":43}},"301":{"start":{"line":302,"column":0},"end":{"line":302,"column":62}},"302":{"start":{"line":303,"column":0},"end":{"line":303,"column":61}},"303":{"start":{"line":304,"column":0},"end":{"line":304,"column":58}},"304":{"start":{"line":305,"column":0},"end":{"line":305,"column":20}},"305":{"start":{"line":306,"column":0},"end":{"line":306,"column":27}},"306":{"start":{"line":307,"column":0},"end":{"line":307,"column":62}},"307":{"start":{"line":308,"column":0},"end":{"line":308,"column":4}},"309":{"start":{"line":310,"column":0},"end":{"line":310,"column":14}},"310":{"start":{"line":311,"column":0},"end":{"line":311,"column":86}},"311":{"start":{"line":312,"column":0},"end":{"line":312,"column":82}},"312":{"start":{"line":313,"column":0},"end":{"line":313,"column":79}},"313":{"start":{"line":314,"column":0},"end":{"line":314,"column":6}},"315":{"start":{"line":316,"column":0},"end":{"line":316,"column":93}},"317":{"start":{"line":318,"column":0},"end":{"line":318,"column":33}},"318":{"start":{"line":319,"column":0},"end":{"line":319,"column":48}},"319":{"start":{"line":320,"column":0},"end":{"line":320,"column":5}},"322":{"start":{"line":323,"column":0},"end":{"line":323,"column":44}},"325":{"start":{"line":326,"column":0},"end":{"line":326,"column":96}},"328":{"start":{"line":329,"column":0},"end":{"line":329,"column":58}},"329":{"start":{"line":330,"column":0},"end":{"line":330,"column":3}},"331":{"start":{"line":332,"column":0},"end":{"line":332,"column":84}},"333":{"start":{"line":334,"column":0},"end":{"line":334,"column":33}},"334":{"start":{"line":335,"column":0},"end":{"line":335,"column":68}},"335":{"start":{"line":336,"column":0},"end":{"line":336,"column":5}},"338":{"start":{"line":339,"column":0},"end":{"line":339,"column":60}},"341":{"start":{"line":342,"column":0},"end":{"line":342,"column":61}},"342":{"start":{"line":343,"column":0},"end":{"line":343,"column":3}},"344":{"start":{"line":345,"column":0},"end":{"line":345,"column":58}},"345":{"start":{"line":346,"column":0},"end":{"line":346,"column":42}},"346":{"start":{"line":347,"column":0},"end":{"line":347,"column":20}},"347":{"start":{"line":348,"column":0},"end":{"line":348,"column":16}},"348":{"start":{"line":349,"column":0},"end":{"line":349,"column":16}},"349":{"start":{"line":350,"column":0},"end":{"line":350,"column":16}},"350":{"start":{"line":351,"column":0},"end":{"line":351,"column":16}},"351":{"start":{"line":352,"column":0},"end":{"line":352,"column":12}},"352":{"start":{"line":353,"column":0},"end":{"line":353,"column":7}},"353":{"start":{"line":354,"column":0},"end":{"line":354,"column":29}},"354":{"start":{"line":355,"column":0},"end":{"line":355,"column":38}},"355":{"start":{"line":356,"column":0},"end":{"line":356,"column":7}},"356":{"start":{"line":357,"column":0},"end":{"line":357,"column":6}},"358":{"start":{"line":359,"column":0},"end":{"line":359,"column":51}},"359":{"start":{"line":360,"column":0},"end":{"line":360,"column":3}},"361":{"start":{"line":362,"column":0},"end":{"line":362,"column":97}},"362":{"start":{"line":363,"column":0},"end":{"line":363,"column":93}},"363":{"start":{"line":364,"column":0},"end":{"line":364,"column":33}},"364":{"start":{"line":365,"column":0},"end":{"line":365,"column":34}},"365":{"start":{"line":366,"column":0},"end":{"line":366,"column":18}},"366":{"start":{"line":367,"column":0},"end":{"line":367,"column":7}},"367":{"start":{"line":368,"column":0},"end":{"line":368,"column":3}},"369":{"start":{"line":370,"column":0},"end":{"line":370,"column":101}},"370":{"start":{"line":371,"column":0},"end":{"line":371,"column":93}},"371":{"start":{"line":372,"column":0},"end":{"line":372,"column":37}},"372":{"start":{"line":373,"column":0},"end":{"line":373,"column":38}},"373":{"start":{"line":374,"column":0},"end":{"line":374,"column":18}},"374":{"start":{"line":375,"column":0},"end":{"line":375,"column":7}},"375":{"start":{"line":376,"column":0},"end":{"line":376,"column":3}},"377":{"start":{"line":378,"column":0},"end":{"line":378,"column":69}},"378":{"start":{"line":379,"column":0},"end":{"line":379,"column":52}},"379":{"start":{"line":380,"column":0},"end":{"line":380,"column":36}},"380":{"start":{"line":381,"column":0},"end":{"line":381,"column":22}},"382":{"start":{"line":383,"column":0},"end":{"line":383,"column":89}},"383":{"start":{"line":384,"column":0},"end":{"line":384,"column":29}},"384":{"start":{"line":385,"column":0},"end":{"line":385,"column":36}},"385":{"start":{"line":386,"column":0},"end":{"line":386,"column":16}},"386":{"start":{"line":387,"column":0},"end":{"line":387,"column":7}},"387":{"start":{"line":388,"column":0},"end":{"line":388,"column":3}},"389":{"start":{"line":390,"column":0},"end":{"line":390,"column":50}},"390":{"start":{"line":391,"column":0},"end":{"line":391,"column":51}},"391":{"start":{"line":392,"column":0},"end":{"line":392,"column":3}},"392":{"start":{"line":393,"column":0},"end":{"line":393,"column":1}}},"s":{"0":0,"1":0,"13":0,"15":0,"16":0,"17":0,"18":0,"19":0,"21":0,"22":0,"24":0,"25":0,"26":0,"27":0,"28":0,"29":0,"30":0,"32":0,"33":0,"35":0,"36":0,"37":0,"38":0,"39":0,"40":0,"41":0,"42":0,"43":0,"46":0,"47":0,"48":0,"51":0,"52":0,"53":0,"56":0,"57":0,"58":0,"59":0,"60":0,"61":0,"62":0,"65":0,"66":0,"67":0,"69":0,"70":0,"72":0,"73":0,"75":0,"76":0,"77":0,"78":0,"79":0,"80":0,"81":0,"82":0,"83":0,"84":0,"85":0,"86":0,"87":0,"88":0,"89":0,"91":0,"92":0,"94":0,"95":0,"98":0,"99":0,"100":0,"101":0,"102":0,"104":0,"105":0,"106":0,"107":0,"109":0,"110":0,"111":0,"113":0,"114":0,"115":0,"116":0,"118":0,"119":0,"120":0,"121":0,"124":0,"125":0,"126":0,"127":0,"128":0,"129":0,"130":0,"131":0,"132":0,"133":0,"134":0,"135":0,"136":0,"137":0,"138":0,"140":0,"141":0,"143":0,"145":0,"146":0,"147":0,"148":0,"149":0,"151":0,"152":0,"154":0,"155":0,"156":0,"157":0,"158":0,"159":0,"160":0,"161":0,"162":0,"164":0,"165":0,"166":0,"168":0,"169":0,"170":0,"171":0,"172":0,"174":0,"175":0,"176":0,"178":0,"179":0,"180":0,"181":0,"182":0,"183":0,"184":0,"185":0,"186":0,"187":0,"190":0,"191":0,"192":0,"193":0,"194":0,"196":0,"197":0,"198":0,"200":0,"201":0,"202":0,"203":0,"204":0,"205":0,"207":0,"208":0,"209":0,"211":0,"212":0,"213":0,"214":0,"215":0,"216":0,"217":0,"218":0,"219":0,"220":0,"222":0,"223":0,"224":0,"225":0,"226":0,"227":0,"228":0,"229":0,"230":0,"231":0,"232":0,"234":0,"235":0,"237":0,"238":0,"239":0,"240":0,"243":0,"244":0,"245":0,"246":0,"249":0,"250":0,"251":0,"254":0,"255":0,"256":0,"257":0,"258":0,"261":0,"262":0,"264":0,"265":0,"266":0,"267":0,"268":0,"269":0,"270":0,"271":0,"273":0,"276":0,"277":0,"279":0,"280":0,"281":0,"283":0,"284":0,"285":0,"286":0,"287":0,"288":0,"289":0,"290":0,"291":0,"292":0,"293":0,"294":0,"295":0,"296":0,"298":0,"299":0,"300":0,"301":0,"302":0,"303":0,"304":0,"305":0,"306":0,"307":0,"309":0,"310":0,"311":0,"312":0,"313":0,"315":0,"317":0,"318":0,"319":0,"322":0,"325":0,"328":0,"329":0,"331":0,"333":0,"334":0,"335":0,"338":0,"341":0,"342":0,"344":0,"345":0,"346":0,"347":0,"348":0,"349":0,"350":0,"351":0,"352":0,"353":0,"354":0,"355":0,"356":0,"358":0,"359":0,"361":0,"362":0,"363":0,"364":0,"365":0,"366":0,"367":0,"369":0,"370":0,"371":0,"372":0,"373":0,"374":0,"375":0,"377":0,"378":0,"379":0,"380":0,"382":0,"383":0,"384":0,"385":0,"386":0,"387":0,"389":0,"390":0,"391":0,"392":0},"branchMap":{"0":{"type":"branch","line":1,"loc":{"start":{"line":1,"column":11658},"end":{"line":393,"column":1}},"locations":[{"start":{"line":1,"column":11658},"end":{"line":393,"column":1}}]}},"b":{"0":[0]},"fnMap":{"0":{"name":"(empty-report)","decl":{"start":{"line":1,"column":11658},"end":{"line":393,"column":1}},"loc":{"start":{"line":1,"column":11658},"end":{"line":393,"column":1}},"line":1}},"f":{"0":0}}
,"/Users/josh/Documents/h1b-visa-analysis/packages/graphql-toolkit/src/implementations/PerformanceMonitor.ts": {"path":"/Users/josh/Documents/h1b-visa-analysis/packages/graphql-toolkit/src/implementations/PerformanceMonitor.ts","all":false,"statementMap":{"0":{"start":{"line":1,"column":0},"end":{"line":1,"column":47}},"1":{"start":{"line":2,"column":0},"end":{"line":2,"column":8}},"24":{"start":{"line":25,"column":0},"end":{"line":25,"column":68}},"26":{"start":{"line":27,"column":0},"end":{"line":27,"column":13}},"27":{"start":{"line":28,"column":0},"end":{"line":28,"column":74}},"28":{"start":{"line":29,"column":0},"end":{"line":29,"column":14}},"29":{"start":{"line":30,"column":0},"end":{"line":30,"column":66}},"30":{"start":{"line":31,"column":0},"end":{"line":31,"column":6}},"32":{"start":{"line":33,"column":0},"end":{"line":33,"column":88}},"33":{"start":{"line":34,"column":0},"end":{"line":34,"column":23}},"35":{"start":{"line":36,"column":0},"end":{"line":36,"column":21}},"36":{"start":{"line":37,"column":0},"end":{"line":37,"column":14}},"37":{"start":{"line":38,"column":0},"end":{"line":38,"column":26}},"39":{"start":{"line":40,"column":0},"end":{"line":40,"column":26}},"42":{"start":{"line":43,"column":0},"end":{"line":43,"column":60}},"43":{"start":{"line":44,"column":0},"end":{"line":44,"column":54}},"44":{"start":{"line":45,"column":0},"end":{"line":45,"column":11}},"47":{"start":{"line":48,"column":0},"end":{"line":48,"column":47}},"48":{"start":{"line":49,"column":0},"end":{"line":49,"column":50}},"49":{"start":{"line":50,"column":0},"end":{"line":50,"column":48}},"50":{"start":{"line":51,"column":0},"end":{"line":51,"column":28}},"51":{"start":{"line":52,"column":0},"end":{"line":52,"column":11}},"54":{"start":{"line":55,"column":0},"end":{"line":55,"column":56}},"55":{"start":{"line":56,"column":0},"end":{"line":56,"column":50}},"56":{"start":{"line":57,"column":0},"end":{"line":57,"column":28}},"57":{"start":{"line":58,"column":0},"end":{"line":58,"column":11}},"58":{"start":{"line":59,"column":0},"end":{"line":59,"column":10}},"59":{"start":{"line":60,"column":0},"end":{"line":60,"column":8}},"60":{"start":{"line":61,"column":0},"end":{"line":61,"column":23}},"61":{"start":{"line":62,"column":0},"end":{"line":62,"column":22}},"62":{"start":{"line":63,"column":0},"end":{"line":63,"column":26}},"63":{"start":{"line":64,"column":0},"end":{"line":64,"column":10}},"64":{"start":{"line":65,"column":0},"end":{"line":65,"column":8}},"65":{"start":{"line":66,"column":0},"end":{"line":66,"column":23}},"66":{"start":{"line":67,"column":0},"end":{"line":67,"column":22}},"67":{"start":{"line":68,"column":0},"end":{"line":68,"column":28}},"68":{"start":{"line":69,"column":0},"end":{"line":69,"column":10}},"69":{"start":{"line":70,"column":0},"end":{"line":70,"column":8}},"70":{"start":{"line":71,"column":0},"end":{"line":71,"column":7}},"72":{"start":{"line":73,"column":0},"end":{"line":73,"column":34}},"73":{"start":{"line":74,"column":0},"end":{"line":74,"column":3}},"75":{"start":{"line":76,"column":0},"end":{"line":76,"column":50}},"76":{"start":{"line":77,"column":0},"end":{"line":77,"column":21}},"78":{"start":{"line":79,"column":0},"end":{"line":79,"column":77}},"79":{"start":{"line":80,"column":0},"end":{"line":80,"column":31}},"81":{"start":{"line":82,"column":0},"end":{"line":82,"column":19}},"82":{"start":{"line":83,"column":0},"end":{"line":83,"column":16}},"83":{"start":{"line":84,"column":0},"end":{"line":84,"column":24}},"84":{"start":{"line":85,"column":0},"end":{"line":85,"column":20}},"85":{"start":{"line":86,"column":0},"end":{"line":86,"column":12}},"86":{"start":{"line":87,"column":0},"end":{"line":87,"column":24}},"87":{"start":{"line":88,"column":0},"end":{"line":88,"column":49}},"88":{"start":{"line":89,"column":0},"end":{"line":89,"column":20}},"89":{"start":{"line":90,"column":0},"end":{"line":90,"column":12}},"90":{"start":{"line":91,"column":0},"end":{"line":91,"column":10}},"91":{"start":{"line":92,"column":0},"end":{"line":92,"column":9}},"93":{"start":{"line":94,"column":0},"end":{"line":94,"column":19}},"94":{"start":{"line":95,"column":0},"end":{"line":95,"column":6}},"96":{"start":{"line":97,"column":0},"end":{"line":97,"column":21}},"97":{"start":{"line":98,"column":0},"end":{"line":98,"column":28}},"98":{"start":{"line":99,"column":0},"end":{"line":99,"column":26}},"99":{"start":{"line":100,"column":0},"end":{"line":100,"column":38}},"100":{"start":{"line":101,"column":0},"end":{"line":101,"column":10}},"101":{"start":{"line":102,"column":0},"end":{"line":102,"column":8}},"102":{"start":{"line":103,"column":0},"end":{"line":103,"column":7}},"104":{"start":{"line":105,"column":0},"end":{"line":105,"column":20}},"105":{"start":{"line":106,"column":0},"end":{"line":106,"column":3}},"107":{"start":{"line":108,"column":0},"end":{"line":108,"column":47}},"108":{"start":{"line":109,"column":0},"end":{"line":109,"column":23}},"110":{"start":{"line":111,"column":0},"end":{"line":111,"column":21}},"111":{"start":{"line":112,"column":0},"end":{"line":112,"column":14}},"112":{"start":{"line":113,"column":0},"end":{"line":113,"column":22}},"113":{"start":{"line":114,"column":0},"end":{"line":114,"column":23}},"114":{"start":{"line":115,"column":0},"end":{"line":115,"column":10}},"115":{"start":{"line":116,"column":0},"end":{"line":116,"column":8}},"116":{"start":{"line":117,"column":0},"end":{"line":117,"column":7}},"118":{"start":{"line":119,"column":0},"end":{"line":119,"column":22}},"119":{"start":{"line":120,"column":0},"end":{"line":120,"column":3}},"121":{"start":{"line":122,"column":0},"end":{"line":122,"column":16}},"122":{"start":{"line":123,"column":0},"end":{"line":123,"column":27}},"123":{"start":{"line":124,"column":0},"end":{"line":124,"column":36}},"124":{"start":{"line":125,"column":0},"end":{"line":125,"column":48}},"125":{"start":{"line":126,"column":0},"end":{"line":126,"column":29}},"126":{"start":{"line":127,"column":0},"end":{"line":127,"column":55}},"127":{"start":{"line":128,"column":0},"end":{"line":128,"column":30}},"128":{"start":{"line":129,"column":0},"end":{"line":129,"column":24}},"129":{"start":{"line":130,"column":0},"end":{"line":130,"column":31}},"130":{"start":{"line":131,"column":0},"end":{"line":131,"column":26}},"131":{"start":{"line":132,"column":0},"end":{"line":132,"column":32}},"132":{"start":{"line":133,"column":0},"end":{"line":133,"column":35}},"133":{"start":{"line":134,"column":0},"end":{"line":134,"column":6}},"135":{"start":{"line":136,"column":0},"end":{"line":136,"column":72}},"137":{"start":{"line":138,"column":0},"end":{"line":138,"column":69}},"138":{"start":{"line":139,"column":0},"end":{"line":139,"column":48}},"139":{"start":{"line":140,"column":0},"end":{"line":140,"column":50}},"141":{"start":{"line":142,"column":0},"end":{"line":142,"column":49}},"142":{"start":{"line":143,"column":0},"end":{"line":143,"column":34}},"145":{"start":{"line":146,"column":0},"end":{"line":146,"column":62}},"146":{"start":{"line":147,"column":0},"end":{"line":147,"column":23}},"147":{"start":{"line":148,"column":0},"end":{"line":148,"column":27}},"148":{"start":{"line":149,"column":0},"end":{"line":149,"column":26}},"149":{"start":{"line":150,"column":0},"end":{"line":150,"column":58}},"150":{"start":{"line":151,"column":0},"end":{"line":151,"column":108}},"151":{"start":{"line":152,"column":0},"end":{"line":152,"column":9}},"152":{"start":{"line":153,"column":0},"end":{"line":153,"column":5}},"155":{"start":{"line":156,"column":0},"end":{"line":156,"column":52}},"156":{"start":{"line":157,"column":0},"end":{"line":157,"column":23}},"157":{"start":{"line":158,"column":0},"end":{"line":158,"column":22}},"158":{"start":{"line":159,"column":0},"end":{"line":159,"column":21}},"159":{"start":{"line":160,"column":0},"end":{"line":160,"column":53}},"160":{"start":{"line":161,"column":0},"end":{"line":161,"column":93}},"161":{"start":{"line":162,"column":0},"end":{"line":162,"column":9}},"162":{"start":{"line":163,"column":0},"end":{"line":163,"column":5}},"165":{"start":{"line":166,"column":0},"end":{"line":166,"column":26}},"166":{"start":{"line":167,"column":0},"end":{"line":167,"column":116}},"167":{"start":{"line":168,"column":0},"end":{"line":168,"column":5}},"169":{"start":{"line":170,"column":0},"end":{"line":170,"column":12}},"170":{"start":{"line":171,"column":0},"end":{"line":171,"column":37}},"171":{"start":{"line":172,"column":0},"end":{"line":172,"column":17}},"172":{"start":{"line":173,"column":0},"end":{"line":173,"column":12}},"173":{"start":{"line":174,"column":0},"end":{"line":174,"column":17}},"174":{"start":{"line":175,"column":0},"end":{"line":175,"column":17}},"175":{"start":{"line":176,"column":0},"end":{"line":176,"column":15}},"176":{"start":{"line":177,"column":0},"end":{"line":177,"column":6}},"177":{"start":{"line":178,"column":0},"end":{"line":178,"column":3}},"179":{"start":{"line":180,"column":0},"end":{"line":180,"column":93}},"180":{"start":{"line":181,"column":0},"end":{"line":181,"column":69}},"181":{"start":{"line":182,"column":0},"end":{"line":182,"column":48}},"182":{"start":{"line":183,"column":0},"end":{"line":183,"column":50}},"185":{"start":{"line":186,"column":0},"end":{"line":186,"column":86}},"186":{"start":{"line":187,"column":0},"end":{"line":187,"column":83}},"187":{"start":{"line":188,"column":0},"end":{"line":188,"column":98}},"188":{"start":{"line":189,"column":0},"end":{"line":189,"column":96}},"190":{"start":{"line":191,"column":0},"end":{"line":191,"column":53}},"191":{"start":{"line":192,"column":0},"end":{"line":192,"column":39}},"192":{"start":{"line":193,"column":0},"end":{"line":193,"column":27}},"193":{"start":{"line":194,"column":0},"end":{"line":194,"column":5}},"194":{"start":{"line":195,"column":0},"end":{"line":195,"column":39}},"195":{"start":{"line":196,"column":0},"end":{"line":196,"column":25}},"196":{"start":{"line":197,"column":0},"end":{"line":197,"column":5}},"198":{"start":{"line":199,"column":0},"end":{"line":199,"column":12}},"199":{"start":{"line":200,"column":0},"end":{"line":200,"column":17}},"200":{"start":{"line":201,"column":0},"end":{"line":201,"column":20}},"201":{"start":{"line":202,"column":0},"end":{"line":202,"column":22}},"202":{"start":{"line":203,"column":0},"end":{"line":203,"column":22}},"203":{"start":{"line":204,"column":0},"end":{"line":204,"column":22}},"204":{"start":{"line":205,"column":0},"end":{"line":205,"column":16}},"205":{"start":{"line":206,"column":0},"end":{"line":206,"column":6}},"206":{"start":{"line":207,"column":0},"end":{"line":207,"column":3}},"207":{"start":{"line":208,"column":0},"end":{"line":208,"column":1}},"209":{"start":{"line":210,"column":0},"end":{"line":210,"column":13}},"210":{"start":{"line":211,"column":0},"end":{"line":211,"column":64}},"211":{"start":{"line":212,"column":0},"end":{"line":212,"column":59}},"212":{"start":{"line":213,"column":0},"end":{"line":213,"column":49}},"213":{"start":{"line":214,"column":0},"end":{"line":214,"column":60}},"214":{"start":{"line":215,"column":0},"end":{"line":215,"column":43}},"215":{"start":{"line":216,"column":0},"end":{"line":216,"column":48}},"216":{"start":{"line":217,"column":0},"end":{"line":217,"column":28}},"217":{"start":{"line":218,"column":0},"end":{"line":218,"column":22}},"218":{"start":{"line":219,"column":0},"end":{"line":219,"column":29}},"219":{"start":{"line":220,"column":0},"end":{"line":220,"column":24}},"220":{"start":{"line":221,"column":0},"end":{"line":221,"column":30}},"221":{"start":{"line":222,"column":0},"end":{"line":222,"column":33}},"222":{"start":{"line":223,"column":0},"end":{"line":223,"column":4}},"224":{"start":{"line":225,"column":0},"end":{"line":225,"column":14}},"225":{"start":{"line":226,"column":0},"end":{"line":226,"column":67}},"226":{"start":{"line":227,"column":0},"end":{"line":227,"column":112}},"227":{"start":{"line":228,"column":0},"end":{"line":228,"column":6}},"229":{"start":{"line":230,"column":0},"end":{"line":230,"column":13}},"230":{"start":{"line":231,"column":0},"end":{"line":231,"column":20}},"231":{"start":{"line":232,"column":0},"end":{"line":232,"column":27}},"232":{"start":{"line":233,"column":0},"end":{"line":233,"column":36}},"233":{"start":{"line":234,"column":0},"end":{"line":234,"column":17}},"234":{"start":{"line":235,"column":0},"end":{"line":235,"column":20}},"235":{"start":{"line":236,"column":0},"end":{"line":236,"column":99}},"237":{"start":{"line":238,"column":0},"end":{"line":238,"column":36}},"238":{"start":{"line":239,"column":0},"end":{"line":239,"column":14}},"239":{"start":{"line":240,"column":0},"end":{"line":240,"column":53}},"240":{"start":{"line":241,"column":0},"end":{"line":241,"column":57}},"241":{"start":{"line":242,"column":0},"end":{"line":242,"column":28}},"242":{"start":{"line":243,"column":0},"end":{"line":243,"column":40}},"243":{"start":{"line":244,"column":0},"end":{"line":244,"column":30}},"244":{"start":{"line":245,"column":0},"end":{"line":245,"column":40}},"245":{"start":{"line":246,"column":0},"end":{"line":246,"column":33}},"246":{"start":{"line":247,"column":0},"end":{"line":247,"column":19}},"247":{"start":{"line":248,"column":0},"end":{"line":248,"column":21}},"248":{"start":{"line":249,"column":0},"end":{"line":249,"column":27}},"249":{"start":{"line":250,"column":0},"end":{"line":250,"column":29}},"250":{"start":{"line":251,"column":0},"end":{"line":251,"column":30}},"251":{"start":{"line":252,"column":0},"end":{"line":252,"column":36}},"252":{"start":{"line":253,"column":0},"end":{"line":253,"column":6}},"254":{"start":{"line":255,"column":0},"end":{"line":255,"column":45}},"257":{"start":{"line":258,"column":0},"end":{"line":258,"column":28}},"258":{"start":{"line":259,"column":0},"end":{"line":259,"column":54}},"259":{"start":{"line":260,"column":0},"end":{"line":260,"column":128}},"260":{"start":{"line":261,"column":0},"end":{"line":261,"column":7}},"261":{"start":{"line":262,"column":0},"end":{"line":262,"column":5}},"263":{"start":{"line":264,"column":0},"end":{"line":264,"column":51}},"264":{"start":{"line":265,"column":0},"end":{"line":265,"column":14}},"265":{"start":{"line":266,"column":0},"end":{"line":266,"column":35}},"266":{"start":{"line":267,"column":0},"end":{"line":267,"column":37}},"267":{"start":{"line":268,"column":0},"end":{"line":268,"column":27}},"268":{"start":{"line":269,"column":0},"end":{"line":269,"column":7}},"270":{"start":{"line":271,"column":0},"end":{"line":271,"column":19}},"271":{"start":{"line":272,"column":0},"end":{"line":272,"column":3}},"273":{"start":{"line":274,"column":0},"end":{"line":274,"column":53}},"274":{"start":{"line":275,"column":0},"end":{"line":275,"column":52}},"275":{"start":{"line":276,"column":0},"end":{"line":276,"column":19}},"276":{"start":{"line":277,"column":0},"end":{"line":277,"column":70}},"277":{"start":{"line":278,"column":0},"end":{"line":278,"column":13}},"278":{"start":{"line":279,"column":0},"end":{"line":279,"column":5}},"280":{"start":{"line":281,"column":0},"end":{"line":281,"column":33}},"281":{"start":{"line":282,"column":0},"end":{"line":282,"column":79}},"283":{"start":{"line":284,"column":0},"end":{"line":284,"column":38}},"284":{"start":{"line":285,"column":0},"end":{"line":285,"column":50}},"285":{"start":{"line":286,"column":0},"end":{"line":286,"column":5}},"288":{"start":{"line":289,"column":0},"end":{"line":289,"column":64}},"289":{"start":{"line":290,"column":0},"end":{"line":290,"column":23}},"290":{"start":{"line":291,"column":0},"end":{"line":291,"column":20}},"291":{"start":{"line":292,"column":0},"end":{"line":292,"column":17}},"292":{"start":{"line":293,"column":0},"end":{"line":293,"column":53}},"293":{"start":{"line":294,"column":0},"end":{"line":294,"column":15}},"294":{"start":{"line":295,"column":0},"end":{"line":295,"column":25}},"295":{"start":{"line":296,"column":0},"end":{"line":296,"column":43}},"296":{"start":{"line":297,"column":0},"end":{"line":297,"column":16}},"297":{"start":{"line":298,"column":0},"end":{"line":298,"column":25}},"298":{"start":{"line":299,"column":0},"end":{"line":299,"column":8}},"299":{"start":{"line":300,"column":0},"end":{"line":300,"column":5}},"301":{"start":{"line":302,"column":0},"end":{"line":302,"column":39}},"302":{"start":{"line":303,"column":0},"end":{"line":303,"column":40}},"305":{"start":{"line":306,"column":0},"end":{"line":306,"column":46}},"306":{"start":{"line":307,"column":0},"end":{"line":307,"column":65}},"307":{"start":{"line":308,"column":0},"end":{"line":308,"column":5}},"309":{"start":{"line":310,"column":0},"end":{"line":310,"column":49}},"310":{"start":{"line":311,"column":0},"end":{"line":311,"column":14}},"311":{"start":{"line":312,"column":0},"end":{"line":312,"column":33}},"312":{"start":{"line":313,"column":0},"end":{"line":313,"column":42}},"313":{"start":{"line":314,"column":0},"end":{"line":314,"column":7}},"314":{"start":{"line":315,"column":0},"end":{"line":315,"column":3}},"316":{"start":{"line":317,"column":0},"end":{"line":317,"column":72}},"317":{"start":{"line":318,"column":0},"end":{"line":318,"column":41}},"318":{"start":{"line":319,"column":0},"end":{"line":319,"column":32}},"319":{"start":{"line":320,"column":0},"end":{"line":320,"column":37}},"320":{"start":{"line":321,"column":0},"end":{"line":321,"column":57}},"321":{"start":{"line":322,"column":0},"end":{"line":322,"column":28}},"322":{"start":{"line":323,"column":0},"end":{"line":323,"column":22}},"323":{"start":{"line":324,"column":0},"end":{"line":324,"column":28}},"324":{"start":{"line":325,"column":0},"end":{"line":325,"column":25}},"325":{"start":{"line":326,"column":0},"end":{"line":326,"column":6}},"327":{"start":{"line":328,"column":0},"end":{"line":328,"column":60}},"328":{"start":{"line":329,"column":0},"end":{"line":329,"column":38}},"329":{"start":{"line":330,"column":0},"end":{"line":330,"column":37}},"330":{"start":{"line":331,"column":0},"end":{"line":331,"column":5}},"331":{"start":{"line":332,"column":0},"end":{"line":332,"column":51}},"333":{"start":{"line":334,"column":0},"end":{"line":334,"column":24}},"334":{"start":{"line":335,"column":0},"end":{"line":335,"column":3}},"336":{"start":{"line":337,"column":0},"end":{"line":337,"column":74}},"337":{"start":{"line":338,"column":0},"end":{"line":338,"column":52}},"338":{"start":{"line":339,"column":0},"end":{"line":339,"column":47}},"340":{"start":{"line":341,"column":0},"end":{"line":341,"column":40}},"341":{"start":{"line":342,"column":0},"end":{"line":342,"column":54}},"342":{"start":{"line":343,"column":0},"end":{"line":343,"column":39}},"343":{"start":{"line":344,"column":0},"end":{"line":344,"column":93}},"345":{"start":{"line":346,"column":0},"end":{"line":346,"column":40}},"346":{"start":{"line":347,"column":0},"end":{"line":347,"column":56}},"347":{"start":{"line":348,"column":0},"end":{"line":348,"column":7}},"348":{"start":{"line":349,"column":0},"end":{"line":349,"column":5}},"349":{"start":{"line":350,"column":0},"end":{"line":350,"column":3}},"351":{"start":{"line":352,"column":0},"end":{"line":352,"column":78}},"352":{"start":{"line":353,"column":0},"end":{"line":353,"column":52}},"353":{"start":{"line":354,"column":0},"end":{"line":354,"column":18}},"354":{"start":{"line":355,"column":0},"end":{"line":355,"column":16}},"355":{"start":{"line":356,"column":0},"end":{"line":356,"column":28}},"356":{"start":{"line":357,"column":0},"end":{"line":357,"column":14}},"357":{"start":{"line":358,"column":0},"end":{"line":358,"column":30}},"358":{"start":{"line":359,"column":0},"end":{"line":359,"column":7}},"359":{"start":{"line":360,"column":0},"end":{"line":360,"column":5}},"361":{"start":{"line":362,"column":0},"end":{"line":362,"column":52}},"362":{"start":{"line":363,"column":0},"end":{"line":363,"column":52}},"363":{"start":{"line":364,"column":0},"end":{"line":364,"column":50}},"364":{"start":{"line":365,"column":0},"end":{"line":365,"column":59}},"365":{"start":{"line":366,"column":0},"end":{"line":366,"column":5}},"366":{"start":{"line":367,"column":0},"end":{"line":367,"column":3}},"368":{"start":{"line":369,"column":0},"end":{"line":369,"column":24}},"369":{"start":{"line":370,"column":0},"end":{"line":370,"column":20}},"370":{"start":{"line":371,"column":0},"end":{"line":371,"column":23}},"371":{"start":{"line":372,"column":0},"end":{"line":372,"column":22}},"372":{"start":{"line":373,"column":0},"end":{"line":373,"column":21}},"373":{"start":{"line":374,"column":0},"end":{"line":374,"column":11}},"374":{"start":{"line":375,"column":0},"end":{"line":375,"column":52}},"375":{"start":{"line":376,"column":0},"end":{"line":376,"column":18}},"376":{"start":{"line":377,"column":0},"end":{"line":377,"column":34}},"377":{"start":{"line":378,"column":0},"end":{"line":378,"column":47}},"378":{"start":{"line":379,"column":0},"end":{"line":379,"column":5}},"380":{"start":{"line":381,"column":0},"end":{"line":381,"column":52}},"381":{"start":{"line":382,"column":0},"end":{"line":382,"column":14}},"382":{"start":{"line":383,"column":0},"end":{"line":383,"column":17}},"383":{"start":{"line":384,"column":0},"end":{"line":384,"column":16}},"384":{"start":{"line":385,"column":0},"end":{"line":385,"column":16}},"385":{"start":{"line":386,"column":0},"end":{"line":386,"column":7}},"386":{"start":{"line":387,"column":0},"end":{"line":387,"column":3}},"388":{"start":{"line":389,"column":0},"end":{"line":389,"column":68}},"389":{"start":{"line":390,"column":0},"end":{"line":390,"column":27}},"390":{"start":{"line":391,"column":0},"end":{"line":391,"column":26}},"392":{"start":{"line":393,"column":0},"end":{"line":393,"column":24}},"393":{"start":{"line":394,"column":0},"end":{"line":394,"column":18}},"394":{"start":{"line":395,"column":0},"end":{"line":395,"column":47}},"395":{"start":{"line":396,"column":0},"end":{"line":396,"column":14}},"396":{"start":{"line":397,"column":0},"end":{"line":397,"column":17}},"397":{"start":{"line":398,"column":0},"end":{"line":398,"column":52}},"398":{"start":{"line":399,"column":0},"end":{"line":399,"column":14}},"399":{"start":{"line":400,"column":0},"end":{"line":400,"column":18}},"400":{"start":{"line":401,"column":0},"end":{"line":401,"column":56}},"401":{"start":{"line":402,"column":0},"end":{"line":402,"column":14}},"402":{"start":{"line":403,"column":0},"end":{"line":403,"column":14}},"403":{"start":{"line":404,"column":0},"end":{"line":404,"column":26}},"404":{"start":{"line":405,"column":0},"end":{"line":405,"column":5}},"406":{"start":{"line":407,"column":0},"end":{"line":407,"column":57}},"407":{"start":{"line":408,"column":0},"end":{"line":408,"column":48}},"408":{"start":{"line":409,"column":0},"end":{"line":409,"column":6}},"410":{"start":{"line":411,"column":0},"end":{"line":411,"column":48}},"411":{"start":{"line":412,"column":0},"end":{"line":412,"column":89}},"412":{"start":{"line":413,"column":0},"end":{"line":413,"column":81}},"414":{"start":{"line":415,"column":0},"end":{"line":415,"column":47}},"415":{"start":{"line":416,"column":0},"end":{"line":416,"column":65}},"416":{"start":{"line":417,"column":0},"end":{"line":417,"column":13}},"418":{"start":{"line":419,"column":0},"end":{"line":419,"column":50}},"419":{"start":{"line":420,"column":0},"end":{"line":420,"column":66}},"420":{"start":{"line":421,"column":0},"end":{"line":421,"column":13}},"422":{"start":{"line":423,"column":0},"end":{"line":423,"column":49}},"423":{"start":{"line":424,"column":0},"end":{"line":4
[...]
"line":287,"column":5}},"288":{"start":{"line":289,"column":0},"end":{"line":289,"column":40}},"289":{"start":{"line":290,"column":0},"end":{"line":290,"column":51}},"291":{"start":{"line":292,"column":0},"end":{"line":292,"column":12}},"292":{"start":{"line":293,"column":0},"end":{"line":293,"column":14}},"293":{"start":{"line":294,"column":0},"end":{"line":294,"column":48}},"294":{"start":{"line":295,"column":0},"end":{"line":295,"column":18}},"295":{"start":{"line":296,"column":0},"end":{"line":296,"column":14}},"296":{"start":{"line":297,"column":0},"end":{"line":297,"column":13}},"297":{"start":{"line":298,"column":0},"end":{"line":298,"column":15}},"298":{"start":{"line":299,"column":0},"end":{"line":299,"column":6}},"299":{"start":{"line":300,"column":0},"end":{"line":300,"column":3}},"301":{"start":{"line":302,"column":0},"end":{"line":302,"column":39}},"302":{"start":{"line":303,"column":0},"end":{"line":303,"column":25}},"303":{"start":{"line":304,"column":0},"end":{"line":304,"column":18}},"304":{"start":{"line":305,"column":0},"end":{"line":305,"column":36}},"305":{"start":{"line":306,"column":0},"end":{"line":306,"column":20}},"306":{"start":{"line":307,"column":0},"end":{"line":307,"column":58}},"307":{"start":{"line":308,"column":0},"end":{"line":308,"column":46}},"308":{"start":{"line":309,"column":0},"end":{"line":309,"column":66}},"309":{"start":{"line":310,"column":0},"end":{"line":310,"column":5}},"313":{"start":{"line":314,"column":0},"end":{"line":314,"column":41}},"315":{"start":{"line":316,"column":0},"end":{"line":316,"column":50}},"316":{"start":{"line":317,"column":0},"end":{"line":317,"column":19}},"317":{"start":{"line":318,"column":0},"end":{"line":318,"column":12}},"318":{"start":{"line":319,"column":0},"end":{"line":319,"column":32}},"319":{"start":{"line":320,"column":0},"end":{"line":320,"column":7}},"320":{"start":{"line":321,"column":0},"end":{"line":321,"column":3}},"322":{"start":{"line":323,"column":0},"end":{"line":323,"column":32}},"323":{"start":{"line":324,"column":0},"end":{"line":324,"column":77}},"324":{"start":{"line":325,"column":0},"end":{"line":325,"column":3}},"326":{"start":{"line":327,"column":0},"end":{"line":327,"column":45}},"329":{"start":{"line":330,"column":0},"end":{"line":330,"column":22}},"330":{"start":{"line":331,"column":0},"end":{"line":331,"column":3}},"333":{"start":{"line":334,"column":0},"end":{"line":334,"column":65}},"334":{"start":{"line":335,"column":0},"end":{"line":335,"column":52}},"335":{"start":{"line":336,"column":0},"end":{"line":336,"column":35}},"336":{"start":{"line":337,"column":0},"end":{"line":337,"column":100}},"338":{"start":{"line":339,"column":0},"end":{"line":339,"column":47}},"339":{"start":{"line":340,"column":0},"end":{"line":340,"column":34}},"340":{"start":{"line":341,"column":0},"end":{"line":341,"column":32}},"341":{"start":{"line":342,"column":0},"end":{"line":342,"column":54}},"342":{"start":{"line":343,"column":0},"end":{"line":343,"column":7}},"343":{"start":{"line":344,"column":0},"end":{"line":344,"column":3}},"346":{"start":{"line":347,"column":0},"end":{"line":347,"column":98}},"347":{"start":{"line":348,"column":0},"end":{"line":348,"column":58}},"348":{"start":{"line":349,"column":0},"end":{"line":349,"column":21}},"349":{"start":{"line":350,"column":0},"end":{"line":350,"column":51}},"351":{"start":{"line":352,"column":0},"end":{"line":352,"column":84}},"352":{"start":{"line":353,"column":0},"end":{"line":353,"column":41}},"353":{"start":{"line":354,"column":0},"end":{"line":354,"column":64}},"354":{"start":{"line":355,"column":0},"end":{"line":355,"column":5}},"355":{"start":{"line":356,"column":0},"end":{"line":356,"column":3}},"356":{"start":{"line":357,"column":0},"end":{"line":357,"column":1}}},"s":{"0":0,"12":0,"14":0,"15":0,"16":0,"17":0,"18":0,"19":0,"20":0,"21":0,"22":0,"23":0,"24":0,"25":0,"26":0,"27":0,"28":0,"30":0,"31":0,"32":0,"34":0,"35":0,"36":0,"37":0,"38":0,"39":0,"41":0,"42":0,"43":0,"44":0,"45":0,"47":0,"49":0,"52":0,"53":0,"54":0,"56":0,"58":0,"59":0,"60":0,"61":0,"62":0,"64":0,"65":0,"66":0,"67":0,"68":0,"69":0,"70":0,"71":0,"72":0,"74":0,"75":0,"77":0,"78":0,"80":0,"82":0,"83":0,"84":0,"86":0,"88":0,"89":0,"90":0,"91":0,"92":0,"94":0,"95":0,"96":0,"97":0,"98":0,"99":0,"100":0,"101":0,"103":0,"104":0,"105":0,"106":0,"107":0,"109":0,"110":0,"111":0,"112":0,"113":0,"114":0,"116":0,"117":0,"119":0,"120":0,"121":0,"122":0,"123":0,"124":0,"125":0,"126":0,"127":0,"128":0,"129":0,"130":0,"131":0,"133":0,"135":0,"137":0,"138":0,"139":0,"140":0,"141":0,"143":0,"144":0,"145":0,"146":0,"147":0,"148":0,"150":0,"151":0,"152":0,"153":0,"154":0,"155":0,"157":0,"158":0,"159":0,"160":0,"161":0,"163":0,"164":0,"166":0,"167":0,"168":0,"171":0,"172":0,"173":0,"174":0,"175":0,"176":0,"177":0,"178":0,"179":0,"180":0,"181":0,"183":0,"184":0,"185":0,"186":0,"187":0,"188":0,"189":0,"190":0,"191":0,"192":0,"193":0,"194":0,"196":0,"198":0,"200":0,"201":0,"202":0,"203":0,"204":0,"206":0,"207":0,"208":0,"209":0,"210":0,"211":0,"213":0,"214":0,"215":0,"217":0,"218":0,"219":0,"221":0,"222":0,"224":0,"225":0,"226":0,"227":0,"228":0,"231":0,"234":0,"235":0,"236":0,"239":0,"240":0,"242":0,"243":0,"244":0,"245":0,"246":0,"248":0,"249":0,"250":0,"251":0,"252":0,"253":0,"255":0,"256":0,"257":0,"259":0,"260":0,"261":0,"262":0,"265":0,"266":0,"267":0,"268":0,"269":0,"270":0,"271":0,"273":0,"274":0,"275":0,"278":0,"279":0,"280":0,"283":0,"284":0,"285":0,"286":0,"288":0,"289":0,"291":0,"292":0,"293":0,"294":0,"295":0,"296":0,"297":0,"298":0,"299":0,"301":0,"302":0,"303":0,"304":0,"305":0,"306":0,"307":0,"308":0,"309":0,"313":0,"315":0,"316":0,"317":0,"318":0,"319":0,"320":0,"322":0,"323":0,"324":0,"326":0,"329":0,"330":0,"333":0,"334":0,"335":0,"336":0,"338":0,"339":0,"340":0,"341":0,"342":0,"343":0,"346":0,"347":0,"348":0,"349":0,"351":0,"352":0,"353":0,"354":0,"355":0,"356":0},"branchMap":{"0":{"type":"branch","line":1,"loc":{"start":{"line":1,"column":10508},"end":{"line":357,"column":1}},"locations":[{"start":{"line":1,"column":10508},"end":{"line":357,"column":1}}]}},"b":{"0":[0]},"fnMap":{"0":{"name":"(empty-report)","decl":{"start":{"line":1,"column":10508},"end":{"line":357,"column":1}},"loc":{"start":{"line":1,"column":10508},"end":{"line":357,"column":1}},"line":1}},"f":{"0":0}}
,"/Users/josh/Documents/h1b-visa-analysis/packages/graphql-toolkit/src/interfaces/IDataLoaderFactory.ts": {"path":"/Users/josh/Documents/h1b-visa-analysis/packages/graphql-toolkit/src/interfaces/IDataLoaderFactory.ts","all":true,"statementMap":{},"s":{},"branchMap":{"0":{"type":"branch","line":1,"loc":{"start":{"line":1,"column":3466},"end":{"line":156,"column":1}},"locations":[{"start":{"line":1,"column":3466},"end":{"line":156,"column":1}}]}},"b":{"0":[1]},"fnMap":{"0":{"name":"(empty-report)","decl":{"start":{"line":1,"column":3466},"end":{"line":156,"column":1}},"loc":{"start":{"line":1,"column":3466},"end":{"line":156,"column":1}},"line":1}},"f":{"0":1}}
,"/Users/josh/Documents/h1b-visa-analysis/packages/graphql-toolkit/src/interfaces/IErrorHandler.ts": {"path":"/Users/josh/Documents/h1b-visa-analysis/packages/graphql-toolkit/src/interfaces/IErrorHandler.ts","all":true,"statementMap":{},"s":{},"branchMap":{"0":{"type":"branch","line":1,"loc":{"start":{"line":1,"column":3996},"end":{"line":174,"column":1}},"locations":[{"start":{"line":1,"column":3996},"end":{"line":174,"column":1}}]}},"b":{"0":[1]},"fnMap":{"0":{"name":"(empty-report)","decl":{"start":{"line":1,"column":3996},"end":{"line":174,"column":1}},"loc":{"start":{"line":1,"column":3996},"end":{"line":174,"column":1}},"line":1}},"f":{"0":1}}
,"/Users/josh/Documents/h1b-visa-analysis/packages/graphql-toolkit/src/interfaces/IPerformanceMonitor.ts": {"path":"/Users/josh/Documents/h1b-visa-analysis/packages/graphql-toolkit/src/interfaces/IPerformanceMonitor.ts","all":true,"statementMap":{},"s":{},"branchMap":{"0":{"type":"branch","line":1,"loc":{"start":{"line":1,"column":5618},"end":{"line":256,"column":1}},"locations":[{"start":{"line":1,"column":5618},"end":{"line":256,"column":1}}]}},"b":{"0":[1]},"fnMap":{"0":{"name":"(empty-report)","decl":{"start":{"line":1,"column":5618},"end":{"line":256,"column":1}},"loc":{"start":{"line":1,"column":5618},"end":{"line":256,"column":1}},"line":1}},"f":{"0":1}}
,"/Users/josh/Documents/h1b-visa-analysis/packages/graphql-toolkit/src/interfaces/ISchemaComposer.ts": {"path":"/Users/josh/Documents/h1b-visa-analysis/packages/graphql-toolkit/src/interfaces/ISchemaComposer.ts","all":true,"statementMap":{},"s":{},"branchMap":{"0":{"type":"branch","line":1,"loc":{"start":{"line":1,"column":3189},"end":{"line":135,"column":1}},"locations":[{"start":{"line":1,"column":3189},"end":{"line":135,"column":1}}]}},"b":{"0":[1]},"fnMap":{"0":{"name":"(empty-report)","decl":{"start":{"line":1,"column":3189},"end":{"line":135,"column":1}},"loc":{"start":{"line":1,"column":3189},"end":{"line":135,"column":1}},"line":1}},"f":{"0":1}}
,"/Users/josh/Documents/h1b-visa-analysis/packages/graphql-toolkit/src/interfaces/ISubscriptionManager.ts": {"path":"/Users/josh/Documents/h1b-visa-analysis/packages/graphql-toolkit/src/interfaces/ISubscriptionManager.ts","all":true,"statementMap":{},"s":{},"branchMap":{"0":{"type":"branch","line":1,"loc":{"start":{"line":1,"column":4982},"end":{"line":229,"column":1}},"locations":[{"start":{"line":1,"column":4982},"end":{"line":229,"column":1}}]}},"b":{"0":[1]},"fnMap":{"0":{"name":"(empty-report)","decl":{"start":{"line":1,"column":4982},"end":{"line":229,"column":1}},"loc":{"start":{"line":1,"column":4982},"end":{"line":229,"column":1}},"line":1}},"f":{"0":1}}
,"/Users/josh/Documents/h1b-visa-analysis/packages/graphql-toolkit/src/types/GraphQLTypes.ts": {"path":"/Users/josh/Documents/h1b-visa-analysis/packages/graphql-toolkit/src/types/GraphQLTypes.ts","all":true,"statementMap":{},"s":{},"branchMap":{"0":{"type":"branch","line":1,"loc":{"start":{"line":1,"column":3383},"end":{"line":147,"column":1}},"locations":[{"start":{"line":1,"column":3383},"end":{"line":147,"column":1}}]}},"b":{"0":[1]},"fnMap":{"0":{"name":"(empty-report)","decl":{"start":{"line":1,"column":3383},"end":{"line":147,"column":1}},"loc":{"start":{"line":1,"column":3383},"end":{"line":147,"column":1}},"line":1}},"f":{"0":1}}
,"/Users/josh/Documents/h1b-visa-analysis/packages/graphql-toolkit/src/types/InjectionTokens.ts": {"path":"/Users/josh/Documents/h1b-visa-analysis/packages/graphql-toolkit/src/types/InjectionTokens.ts","all":false,"statementMap":{"0":{"start":{"line":1,"column":0},"end":{"line":1,"column":38}},"2":{"start":{"line":3,"column":0},"end":{"line":3,"column":49}},"3":{"start":{"line":4,"column":0},"end":{"line":4,"column":55}},"6":{"start":{"line":7,"column":0},"end":{"line":7,"column":55}},"7":{"start":{"line":8,"column":0},"end":{"line":8,"column":57}},"10":{"start":{"line":11,"column":0},"end":{"line":11,"column":45}},"11":{"start":{"line":12,"column":0},"end":{"line":12,"column":49}},"12":{"start":{"line":13,"column":0},"end":{"line":13,"column":43}},"13":{"start":{"line":14,"column":0},"end":{"line":14,"column":45}},"14":{"start":{"line":15,"column":0},"end":{"line":15,"column":47}},"17":{"start":{"line":18,"column":0},"end":{"line":18,"column":59}},"18":{"start":{"line":19,"column":0},"end":{"line":19,"column":53}},"19":{"start":{"line":20,"column":0},"end":{"line":20,"column":53}},"22":{"start":{"line":23,"column":0},"end":{"line":23,"column":57}},"23":{"start":{"line":24,"column":0},"end":{"line":24,"column":67}},"24":{"start":{"line":25,"column":0},"end":{"line":25,"column":61}},"27":{"start":{"line":28,"column":0},"end":{"line":28,"column":33}},"28":{"start":{"line":29,"column":0},"end":{"line":29,"column":31}},"29":{"start":{"line":30,"column":0},"end":{"line":30,"column":11}}},"s":{"0":1,"2":1,"3":1,"6":1,"7":1,"10":1,"11":1,"12":1,"13":1,"14":1,"17":1,"18":1,"19":1,"22":1,"23":1,"24":1,"27":1,"28":1,"29":1},"branchMap":{},"b":{},"fnMap":{},"f":{}}
,"/Users/josh/Documents/h1b-visa-analysis/packages/graphql-toolkit/src/utils/GraphQLContainer.ts": {"path":"/Users/josh/Documents/h1b-visa-analysis/packages/graphql-toolkit/src/utils/GraphQLContainer.ts","all":true,"statementMap":{"0":{"start":{"line":1,"column":0},"end":{"line":1,"column":38}},"26":{"start":{"line":27,"column":0},"end":{"line":27,"column":70}},"27":{"start":{"line":28,"column":0},"end":{"line":28,"column":96}},"28":{"start":{"line":29,"column":0},"end":{"line":29,"column":9}},"34":{"start":{"line":35,"column":0},"end":{"line":35,"column":80}},"35":{"start":{"line":36,"column":0},"end":{"line":36,"column":103}},"38":{"start":{"line":39,"column":0},"end":{"line":39,"column":68}},"48":{"start":{"line":49,"column":0},"end":{"line":49,"column":45}},"49":{"start":{"line":50,"column":0},"end":{"line":50,"column":38}},"50":{"start":{"line":51,"column":0},"end":{"line":51,"column":23}},"51":{"start":{"line":52,"column":0},"end":{"line":52,"column":36}},"53":{"start":{"line":54,"column":0},"end":{"line":54,"column":41}},"54":{"start":{"line":55,"column":0},"end":{"line":55,"column":27}},"55":{"start":{"line":56,"column":0},"end":{"line":56,"column":38}},"56":{"start":{"line":57,"column":0},"end":{"line":57,"column":30}},"57":{"start":{"line":58,"column":0},"end":{"line":58,"column":30}},"58":{"start":{"line":59,"column":0},"end":{"line":59,"column":28}},"59":{"start":{"line":60,"column":0},"end":{"line":60,"column":22}},"60":{"start":{"line":61,"column":0},"end":{"line":61,"column":4}},"66":{"start":{"line":67,"column":0},"end":{"line":67,"column":32}},"67":{"start":{"line":68,"column":0},"end":{"line":68,"column":74}},"68":{"start":{"line":69,"column":0},"end":{"line":69,"column":25}},"69":{"start":{"line":70,"column":0},"end":{"line":70,"column":26}},"70":{"start":{"line":71,"column":0},"end":{"line":71,"column":3}},"73":{"start":{"line":74,"column":0},"end":{"line":74,"column":33}},"74":{"start":{"line":75,"column":0},"end":{"line":75,"column":82}},"75":{"start":{"line":76,"column":0},"end":{"line":76,"column":29}},"76":{"start":{"line":77,"column":0},"end":{"line":77,"column":26}},"78":{"start":{"line":79,"column":0},"end":{"line":79,"column":80}},"79":{"start":{"line":80,"column":0},"end":{"line":80,"column":28}},"80":{"start":{"line":81,"column":0},"end":{"line":81,"column":26}},"81":{"start":{"line":82,"column":0},"end":{"line":82,"column":3}},"84":{"start":{"line":85,"column":0},"end":{"line":85,"column":35}},"85":{"start":{"line":86,"column":0},"end":{"line":86,"column":74}},"86":{"start":{"line":87,"column":0},"end":{"line":87,"column":25}},"87":{"start":{"line":88,"column":0},"end":{"line":88,"column":26}},"89":{"start":{"line":90,"column":0},"end":{"line":90,"column":68}},"90":{"start":{"line":91,"column":0},"end":{"line":91,"column":22}},"91":{"start":{"line":92,"column":0},"end":{"line":92,"column":26}},"93":{"start":{"line":94,"column":0},"end":{"line":94,"column":70}},"94":{"start":{"line":95,"column":0},"end":{"line":95,"column":23}},"95":{"start":{"line":96,"column":0},"end":{"line":96,"column":26}},"97":{"start":{"line":98,"column":0},"end":{"line":98,"column":70}},"98":{"start":{"line":99,"column":0},"end":{"line":99,"column":23}},"99":{"start":{"line":100,"column":0},"end":{"line":100,"column":26}},"100":{"start":{"line":101,"column":0},"end":{"line":101,"column":3}},"103":{"start":{"line":104,"column":0},"end":{"line":104,"column":35}},"104":{"start":{"line":105,"column":0},"end":{"line":105,"column":84}},"105":{"start":{"line":106,"column":0},"end":{"line":106,"column":30}},"106":{"start":{"line":107,"column":0},"end":{"line":107,"column":26}},"107":{"start":{"line":108,"column":0},"end":{"line":108,"column":3}},"110":{"start":{"line":111,"column":0},"end":{"line":111,"column":43}},"111":{"start":{"line":112,"column":0},"end":{"line":112,"column":92}},"112":{"start":{"line":113,"column":0},"end":{"line":113,"column":34}},"113":{"start":{"line":114,"column":0},"end":{"line":114,"column":26}},"115":{"start":{"line":116,"column":0},"end":{"line":116,"column":82}},"116":{"start":{"line":117,"column":0},"end":{"line":117,"column":29}},"117":{"start":{"line":118,"column":0},"end":{"line":118,"column":26}},"118":{"start":{"line":119,"column":0},"end":{"line":119,"column":3}},"120":{"start":{"line":121,"column":0},"end":{"line":121,"column":19}},"121":{"start":{"line":122,"column":0},"end":{"line":122,"column":1}},"124":{"start":{"line":125,"column":0},"end":{"line":125,"column":104}},"125":{"start":{"line":126,"column":0},"end":{"line":126,"column":50}},"126":{"start":{"line":127,"column":0},"end":{"line":127,"column":15}},"127":{"start":{"line":128,"column":0},"end":{"line":128,"column":59}},"128":{"start":{"line":129,"column":0},"end":{"line":129,"column":5}},"129":{"start":{"line":130,"column":0},"end":{"line":130,"column":79}},"130":{"start":{"line":131,"column":0},"end":{"line":131,"column":1}},"132":{"start":{"line":133,"column":0},"end":{"line":133,"column":110}},"133":{"start":{"line":134,"column":0},"end":{"line":134,"column":50}},"134":{"start":{"line":135,"column":0},"end":{"line":135,"column":15}},"135":{"start":{"line":136,"column":0},"end":{"line":136,"column":60}},"136":{"start":{"line":137,"column":0},"end":{"line":137,"column":5}},"137":{"start":{"line":138,"column":0},"end":{"line":138,"column":85}},"138":{"start":{"line":139,"column":0},"end":{"line":139,"column":1}},"140":{"start":{"line":141,"column":0},"end":{"line":141,"column":100}},"141":{"start":{"line":142,"column":0},"end":{"line":142,"column":50}},"142":{"start":{"line":143,"column":0},"end":{"line":143,"column":15}},"143":{"start":{"line":144,"column":0},"end":{"line":144,"column":62}},"144":{"start":{"line":145,"column":0},"end":{"line":145,"column":5}},"145":{"start":{"line":146,"column":0},"end":{"line":146,"column":75}},"146":{"start":{"line":147,"column":0},"end":{"line":147,"column":1}},"148":{"start":{"line":149,"column":0},"end":{"line":149,"column":114}},"149":{"start":{"line":150,"column":0},"end":{"line":150,"column":50}},"150":{"start":{"line":151,"column":0},"end":{"line":151,"column":15}},"151":{"start":{"line":152,"column":0},"end":{"line":152,"column":62}},"152":{"start":{"line":153,"column":0},"end":{"line":153,"column":5}},"153":{"start":{"line":154,"column":0},"end":{"line":154,"column":89}},"154":{"start":{"line":155,"column":0},"end":{"line":155,"column":1}},"156":{"start":{"line":157,"column":0},"end":{"line":157,"column":112}},"157":{"start":{"line":158,"column":0},"end":{"line":158,"column":50}},"158":{"start":{"line":159,"column":0},"end":{"line":159,"column":15}},"159":{"start":{"line":160,"column":0},"end":{"line":160,"column":70}},"160":{"start":{"line":161,"column":0},"end":{"line":161,"column":5}},"161":{"start":{"line":162,"column":0},"end":{"line":162,"column":87}},"162":{"start":{"line":163,"column":0},"end":{"line":163,"column":1}}},"s":{"0":0,"26":0,"27":0,"28":0,"34":0,"35":0,"38":0,"48":0,"49":0,"50":0,"51":0,"53":0,"54":0,"55":0,"56":0,"57":0,"58":0,"59":0,"60":0,"66":0,"67":0,"68":0,"69":0,"70":0,"73":0,"74":0,"75":0,"76":0,"78":0,"79":0,"80":0,"81":0,"84":0,"85":0,"86":0,"87":0,"89":0,"90":0,"91":0,"93":0,"94":0,"95":0,"97":0,"98":0,"99":0,"100":0,"103":0,"104":0,"105":0,"106":0,"107":0,"110":0,"111":0,"112":0,"113":0,"115":0,"116":0,"117":0,"118":0,"120":0,"121":0,"124":0,"125":0,"126":0,"127":0,"128":0,"129":0,"130":0,"132":0,"133":0,"134":0,"135":0,"136":0,"137":0,"138":0,"140":0,"141":0,"142":0,"143":0,"144":0,"145":0,"146":0,"148":0,"149":0,"150":0,"151":0,"152":0,"153":0,"154":0,"156":0,"157":0,"158":0,"159":0,"160":0,"161":0,"162":0},"branchMap":{"0":{"type":"branch","line":1,"loc":{"start":{"line":1,"column":5517},"end":{"line":163,"column":1}},"locations":[{"start":{"line":1,"column":5517},"end":{"line":163,"column":1}}]}},"b":{"0":[0]},"fnMap":{"0":{"name":"(empty-report)","decl":{"start":{"line":1,"column":5517},"end":{"line":163,"column":1}},"loc":{"start":{"line":1,"column":5517},"end":{"line":163,"column":1}},"line":1}},"f":{"0":0}}
}
